#! /c/Source/iverilog-install/bin/vvp
:ivl_version "12.0 (devel)" "(s20150603-1539-g2693dd32b)";
:ivl_delay_selection "TYPICAL";
:vpi_time_precision + 0;
:vpi_module "C:\iverilog\lib\ivl\system.vpi";
:vpi_module "C:\iverilog\lib\ivl\vhdl_sys.vpi";
:vpi_module "C:\iverilog\lib\ivl\vhdl_textio.vpi";
:vpi_module "C:\iverilog\lib\ivl\v2005_math.vpi";
:vpi_module "C:\iverilog\lib\ivl\va_math.vpi";
S_00000191e431bcd0 .scope module, "fsm_matriz8x8" "fsm_matriz8x8" 2 3;
 .timescale 0 0;
    .port_info 0 /INPUT 1 "clk";
    .port_info 1 /INPUT 1 "reset";
    .port_info 2 /INPUT 2 "state";
    .port_info 3 /OUTPUT 1 "mosi";
    .port_info 4 /OUTPUT 1 "sclk";
    .port_info 5 /OUTPUT 1 "cs";
o00000191e432e5a8 .functor BUFZ 1, C4<z>; HiZ drive
L_00000191e43297d0 .functor NOT 1, o00000191e432e5a8, C4<0>, C4<0>, C4<0>;
v00000191e437fd10_0 .net "avail", 0 0, v00000191e42c6440_0;  1 drivers
v00000191e437fb30_0 .net "busy", 0 0, v00000191e42c6580_0;  1 drivers
v00000191e437fa90_0 .var "c2", 1 0;
o00000191e432e098 .functor BUFZ 1, C4<z>; HiZ drive
v00000191e437fef0_0 .net "clk", 0 0, o00000191e432e098;  0 drivers
v00000191e437f950_0 .net "cs", 0 0, v00000191e42c6760_0;  1 drivers
v00000191e437fbd0_0 .var "data_in", 7 0;
v00000191e437f630_0 .net "data_out", 7 0, v00000191e4313f10_0;  1 drivers
L_00000191e4380cc8 .functor BUFT 1, C4<01011111010111100001000000>, C4<0>, C4<0>, C4<0>;
v00000191e43802b0_0 .net "div_factor", 25 0, L_00000191e4380cc8;  1 drivers
v00000191e4380030_0 .var "mem_index", 5 0;
v00000191e437f6d0 .array "memory4CommandSend", 30 0, 7 0;
v00000191e437fdb0_0 .net "mosi", 0 0, v00000191e4380210_0;  1 drivers
v00000191e43800d0_0 .net "reset", 0 0, o00000191e432e5a8;  0 drivers
v00000191e437fe50_0 .net "sclk", 0 0, v00000191e437f4f0_0;  1 drivers
v00000191e4380350_0 .var "sendByte", 0 0;
v00000191e4380170_0 .var "start", 0 0;
o00000191e432e608 .functor BUFZ 2, C4<zz>; HiZ drive
v00000191e43803f0_0 .net "state", 1 0, o00000191e432e608;  0 drivers
v00000191e437f770_0 .var "state_send", 10 0;
E_00000191e4311730 .event negedge, v00000191e42c6620_0;
E_00000191e4311330 .event posedge, v00000191e42c6620_0;
L_00000191e437f810 .part L_00000191e4380cc8, 0, 16;
S_00000191e431be60 .scope module, "spi" "spi_master" 2 24, 3 40 0, S_00000191e431bcd0;
 .timescale 0 0;
    .port_info 0 /INPUT 1 "clk";
    .port_info 1 /INPUT 1 "reset";
    .port_info 2 /INPUT 8 "data_in";
    .port_info 3 /INPUT 1 "start";
    .port_info 4 /INPUT 16 "div_factor";
    .port_info 5 /INPUT 1 "miso";
    .port_info 6 /OUTPUT 1 "mosi";
    .port_info 7 /OUTPUT 1 "sclk";
    .port_info 8 /OUTPUT 1 "cs";
    .port_info 9 /OUTPUT 8 "data_out";
    .port_info 10 /OUTPUT 1 "busy";
    .port_info 11 /OUTPUT 1 "avail";
v00000191e42c6ac0_0 .var "active", 0 0;
v00000191e42c6440_0 .var "avail", 0 0;
v00000191e42c64e0_0 .var "bit_count", 3 0;
v00000191e42c6580_0 .var "busy", 0 0;
v00000191e42c6620_0 .net "clk", 0 0, o00000191e432e098;  alias, 0 drivers
v00000191e42c66c0_0 .var "clk_count", 15 0;
v00000191e42c6760_0 .var "cs", 0 0;
v00000191e42c6800_0 .net "data_in", 7 0, v00000191e437fbd0_0;  1 drivers
v00000191e4313f10_0 .var "data_out", 7 0;
v00000191e43143c0_0 .net "div_factor", 15 0, L_00000191e437f810;  1 drivers
o00000191e432e1b8 .functor BUFZ 1, C4<z>; HiZ drive
v00000191e437f9f0_0 .net "miso", 0 0, o00000191e432e1b8;  0 drivers
v00000191e4380210_0 .var "mosi", 0 0;
v00000191e437fc70_0 .net "reset", 0 0, L_00000191e43297d0;  1 drivers
v00000191e437f4f0_0 .var "sclk", 0 0;
v00000191e437ff90_0 .var "shift_reg", 7 0;
v00000191e437f590_0 .net "start", 0 0, v00000191e4380170_0;  1 drivers
E_00000191e4311630 .event posedge, v00000191e437fc70_0, v00000191e42c6620_0;
    .scope S_00000191e431be60;
T_0 ;
    %wait E_00000191e4311630;
    %load/vec4 v00000191e437fc70_0;
    %flag_set/vec4 8;
    %jmp/0xz  T_0.0, 8;
    %pushi/vec4 0, 0, 1;
    %assign/vec4 v00000191e437f4f0_0, 0;
    %pushi/vec4 1, 0, 1;
    %assign/vec4 v00000191e42c6760_0, 0;
    %pushi/vec4 0, 0, 8;
    %assign/vec4 v00000191e437ff90_0, 0;
    %pushi/vec4 0, 0, 4;
    %assign/vec4 v00000191e42c64e0_0, 0;
    %pushi/vec4 0, 0, 16;
    %assign/vec4 v00000191e42c66c0_0, 0;
    %pushi/vec4 0, 0, 1;
    %assign/vec4 v00000191e42c6ac0_0, 0;
    %pushi/vec4 0, 0, 1;
    %assign/vec4 v00000191e42c6580_0, 0;
    %pushi/vec4 0, 0, 1;
    %assign/vec4 v00000191e42c6440_0, 0;
    %jmp T_0.1;
T_0.0 ;
    %load/vec4 v00000191e437f590_0;
    %flag_set/vec4 9;
    %flag_get/vec4 9;
    %jmp/0 T_0.4, 9;
    %load/vec4 v00000191e42c6ac0_0;
    %nor/r;
    %and;
T_0.4;
    %flag_set/vec4 8;
    %jmp/0xz  T_0.2, 8;
    %pushi/vec4 1, 0, 1;
    %assign/vec4 v00000191e42c6ac0_0, 0;
    %pushi/vec4 1, 0, 1;
    %assign/vec4 v00000191e42c6580_0, 0;
    %pushi/vec4 0, 0, 1;
    %assign/vec4 v00000191e42c6440_0, 0;
    %pushi/vec4 0, 0, 1;
    %assign/vec4 v00000191e42c6760_0, 0;
    %load/vec4 v00000191e42c6800_0;
    %assign/vec4 v00000191e437ff90_0, 0;
    %pushi/vec4 7, 0, 4;
    %assign/vec4 v00000191e42c64e0_0, 0;
    %jmp T_0.3;
T_0.2 ;
    %load/vec4 v00000191e42c6ac0_0;
    %flag_set/vec4 8;
    %jmp/0xz  T_0.5, 8;
    %load/vec4 v00000191e42c66c0_0;
    %pad/u 32;
    %load/vec4 v00000191e43143c0_0;
    %pad/u 32;
    %subi 1, 0, 32;
    %cmp/u;
    %jmp/0xz  T_0.7, 5;
    %load/vec4 v00000191e42c66c0_0;
    %addi 1, 0, 16;
    %assign/vec4 v00000191e42c66c0_0, 0;
    %jmp T_0.8;
T_0.7 ;
    %pushi/vec4 0, 0, 16;
    %assign/vec4 v00000191e42c66c0_0, 0;
    %load/vec4 v00000191e437f4f0_0;
    %nor/r;
    %assign/vec4 v00000191e437f4f0_0, 0;
    %load/vec4 v00000191e437f4f0_0;
    %flag_set/vec4 8;
    %jmp/0xz  T_0.9, 8;
    %load/vec4 v00000191e437ff90_0;
    %parti/s 1, 7, 4;
    %assign/vec4 v00000191e4380210_0, 0;
    %jmp T_0.10;
T_0.9 ;
    %load/vec4 v00000191e42c64e0_0;
    %pad/u 32;
    %cmpi/u 0, 0, 32;
    %flag_or 5, 4; GT is !LE
    %flag_inv 5;
    %jmp/0xz  T_0.11, 5;
    %load/vec4 v00000191e42c64e0_0;
    %subi 1, 0, 4;
    %assign/vec4 v00000191e42c64e0_0, 0;
    %load/vec4 v00000191e437ff90_0;
    %parti/s 7, 0, 2;
    %load/vec4 v00000191e437f9f0_0;
    %concat/vec4; draw_concat_vec4
    %assign/vec4 v00000191e437ff90_0, 0;
    %jmp T_0.12;
T_0.11 ;
    %load/vec4 v00000191e437ff90_0;
    %assign/vec4 v00000191e4313f10_0, 0;
    %pushi/vec4 1, 0, 1;
    %assign/vec4 v00000191e42c6760_0, 0;
    %pushi/vec4 0, 0, 1;
    %assign/vec4 v00000191e42c6ac0_0, 0;
    %pushi/vec4 0, 0, 1;
    %assign/vec4 v00000191e42c6580_0, 0;
    %pushi/vec4 1, 0, 1;
    %assign/vec4 v00000191e42c6440_0, 0;
T_0.12 ;
T_0.10 ;
T_0.8 ;
T_0.5 ;
T_0.3 ;
T_0.1 ;
    %jmp T_0;
    .thread T_0;
    .scope S_00000191e431bcd0;
T_1 ;
    %pushi/vec4 0, 0, 6;
    %store/vec4 v00000191e4380030_0, 0, 6;
    %pushi/vec4 0, 0, 11;
    %store/vec4 v00000191e437f770_0, 0, 11;
    %pushi/vec4 0, 0, 2;
    %store/vec4 v00000191e437fa90_0, 0, 2;
    %end;
    .thread T_1;
    .scope S_00000191e431bcd0;
T_2 ;
    %pushi/vec4 12, 0, 8;
    %ix/load 4, 0, 0;
    %flag_set/imm 4, 0;
    %store/vec4a v00000191e437f6d0, 4, 0;
    %pushi/vec4 1, 0, 8;
    %ix/load 4, 1, 0;
    %flag_set/imm 4, 0;
    %store/vec4a v00000191e437f6d0, 4, 0;
    %pushi/vec4 9, 0, 8;
    %ix/load 4, 2, 0;
    %flag_set/imm 4, 0;
    %store/vec4a v00000191e437f6d0, 4, 0;
    %pushi/vec4 0, 0, 8;
    %ix/load 4, 3, 0;
    %flag_set/imm 4, 0;
    %store/vec4a v00000191e437f6d0, 4, 0;
    %pushi/vec4 10, 0, 8;
    %ix/load 4, 4, 0;
    %flag_set/imm 4, 0;
    %store/vec4a v00000191e437f6d0, 4, 0;
    %pushi/vec4 10, 0, 8;
    %ix/load 4, 5, 0;
    %flag_set/imm 4, 0;
    %store/vec4a v00000191e437f6d0, 4, 0;
    %pushi/vec4 11, 0, 8;
    %ix/load 4, 6, 0;
    %flag_set/imm 4, 0;
    %store/vec4a v00000191e437f6d0, 4, 0;
    %pushi/vec4 7, 0, 8;
    %ix/load 4, 7, 0;
    %flag_set/imm 4, 0;
    %store/vec4a v00000191e437f6d0, 4, 0;
    %pushi/vec4 15, 0, 8;
    %ix/load 4, 8, 0;
    %flag_set/imm 4, 0;
    %store/vec4a v00000191e437f6d0, 4, 0;
    %pushi/vec4 0, 0, 8;
    %ix/load 4, 9, 0;
    %flag_set/imm 4, 0;
    %store/vec4a v00000191e437f6d0, 4, 0;
    %pushi/vec4 2, 0, 8;
    %ix/load 4, 10, 0;
    %flag_set/imm 4, 0;
    %store/vec4a v00000191e437f6d0, 4, 0;
    %pushi/vec4 255, 0, 8;
    %ix/load 4, 11, 0;
    %flag_set/imm 4, 0;
    %store/vec4a v00000191e437f6d0, 4, 0;
    %pushi/vec4 3, 0, 8;
    %ix/load 4, 12, 0;
    %flag_set/imm 4, 0;
    %store/vec4a v00000191e437f6d0, 4, 0;
    %pushi/vec4 127, 0, 8;
    %ix/load 4, 13, 0;
    %flag_set/imm 4, 0;
    %store/vec4a v00000191e437f6d0, 4, 0;
    %pushi/vec4 4, 0, 8;
    %ix/load 4, 14, 0;
    %flag_set/imm 4, 0;
    %store/vec4a v00000191e437f6d0, 4, 0;
    %pushi/vec4 60, 0, 8;
    %ix/load 4, 15, 0;
    %flag_set/imm 4, 0;
    %store/vec4a v00000191e437f6d0, 4, 0;
    %pushi/vec4 5, 0, 8;
    %ix/load 4, 16, 0;
    %flag_set/imm 4, 0;
    %store/vec4a v00000191e437f6d0, 4, 0;
    %pushi/vec4 85, 0, 8;
    %ix/load 4, 17, 0;
    %flag_set/imm 4, 0;
    %store/vec4a v00000191e437f6d0, 4, 0;
    %pushi/vec4 6, 0, 8;
    %ix/load 4, 18, 0;
    %flag_set/imm 4, 0;
    %store/vec4a v00000191e437f6d0, 4, 0;
    %pushi/vec4 170, 0, 8;
    %ix/load 4, 19, 0;
    %flag_set/imm 4, 0;
    %store/vec4a v00000191e437f6d0, 4, 0;
    %pushi/vec4 7, 0, 8;
    %ix/load 4, 20, 0;
    %flag_set/imm 4, 0;
    %store/vec4a v00000191e437f6d0, 4, 0;
    %pushi/vec4 15, 0, 8;
    %ix/load 4, 21, 0;
    %flag_set/imm 4, 0;
    %store/vec4a v00000191e437f6d0, 4, 0;
    %pushi/vec4 8, 0, 8;
    %ix/load 4, 22, 0;
    %flag_set/imm 4, 0;
    %store/vec4a v00000191e437f6d0, 4, 0;
    %pushi/vec4 240, 0, 8;
    %ix/load 4, 23, 0;
    %flag_set/imm 4, 0;
    %store/vec4a v00000191e437f6d0, 4, 0;
    %pushi/vec4 1, 0, 8;
    %ix/load 4, 24, 0;
    %flag_set/imm 4, 0;
    %store/vec4a v00000191e437f6d0, 4, 0;
    %pushi/vec4 255, 0, 8;
    %ix/load 4, 25, 0;
    %flag_set/imm 4, 0;
    %store/vec4a v00000191e437f6d0, 4, 0;
    %end;
    .thread T_2;
    .scope S_00000191e431bcd0;
T_3 ;
    %wait E_00000191e4311330;
    %load/vec4 v00000191e43800d0_0;
    %inv;
    %flag_set/vec4 8;
    %jmp/0xz  T_3.0, 8;
    %pushi/vec4 0, 0, 11;
    %assign/vec4 v00000191e437f770_0, 0;
    %pushi/vec4 0, 0, 1;
    %assign/vec4 v00000191e4380350_0, 0;
    %pushi/vec4 0, 0, 6;
    %assign/vec4 v00000191e4380030_0, 0;
    %jmp T_3.1;
T_3.0 ;
    %load/vec4 v00000191e437f770_0;
    %dup/vec4;
    %pushi/vec4 0, 0, 11;
    %cmp/u;
    %jmp/1 T_3.2, 6;
    %dup/vec4;
    %pushi/vec4 1, 0, 11;
    %cmp/u;
    %jmp/1 T_3.3, 6;
    %dup/vec4;
    %pushi/vec4 2, 0, 11;
    %cmp/u;
    %jmp/1 T_3.4, 6;
    %dup/vec4;
    %pushi/vec4 3, 0, 11;
    %cmp/u;
    %jmp/1 T_3.5, 6;
    %jmp T_3.6;
T_3.2 ;
    %load/vec4 v00000191e4380030_0;
    %pad/u 7;
    %ix/vec4 4;
    %load/vec4a v00000191e437f6d0, 4;
    %assign/vec4 v00000191e437fbd0_0, 0;
    %pushi/vec4 1, 0, 1;
    %assign/vec4 v00000191e4380350_0, 0;
    %pushi/vec4 1, 0, 11;
    %assign/vec4 v00000191e437f770_0, 0;
    %jmp T_3.6;
T_3.3 ;
    %pushi/vec4 2, 0, 11;
    %assign/vec4 v00000191e437f770_0, 0;
    %jmp T_3.6;
T_3.4 ;
    %pushi/vec4 0, 0, 1;
    %assign/vec4 v00000191e4380350_0, 0;
    %load/vec4 v00000191e437fd10_0;
    %flag_set/vec4 8;
    %jmp/0xz  T_3.7, 8;
    %pushi/vec4 0, 0, 11;
    %assign/vec4 v00000191e437f770_0, 0;
    %load/vec4 v00000191e4380030_0;
    %addi 1, 0, 6;
    %assign/vec4 v00000191e4380030_0, 0;
    %load/vec4 v00000191e4380030_0;
    %pad/u 32;
    %cmpi/u 24, 0, 32;
    %flag_or 5, 4; GT is !LE
    %flag_inv 5;
    %jmp/0xz  T_3.9, 5;
    %pushi/vec4 10, 0, 6;
    %assign/vec4 v00000191e4380030_0, 0;
    %pushi/vec4 3, 0, 11;
    %assign/vec4 v00000191e437f770_0, 0;
T_3.9 ;
T_3.7 ;
    %jmp T_3.6;
T_3.5 ;
    %pushi/vec4 0, 0, 6;
    %assign/vec4 v00000191e4380030_0, 0;
    %jmp T_3.6;
T_3.6 ;
    %pop/vec4 1;
T_3.1 ;
    %jmp T_3;
    .thread T_3;
    .scope S_00000191e431bcd0;
T_4 ;
    %wait E_00000191e4311730;
    %load/vec4 v00000191e43800d0_0;
    %inv;
    %flag_set/vec4 8;
    %jmp/0xz  T_4.0, 8;
    %pushi/vec4 0, 0, 1;
    %assign/vec4 v00000191e4380170_0, 0;
    %jmp T_4.1;
T_4.0 ;
    %load/vec4 v00000191e4380170_0;
    %dup/vec4;
    %pushi/vec4 0, 0, 1;
    %cmp/u;
    %jmp/1 T_4.2, 6;
    %dup/vec4;
    %pushi/vec4 1, 0, 1;
    %cmp/u;
    %jmp/1 T_4.3, 6;
    %jmp T_4.4;
T_4.2 ;
    %load/vec4 v00000191e437fb30_0;
    %nor/r;
    %flag_set/vec4 9;
    %flag_get/vec4 9;
    %jmp/0 T_4.7, 9;
    %load/vec4 v00000191e4380350_0;
    %and;
T_4.7;
    %flag_set/vec4 8;
    %jmp/0xz  T_4.5, 8;
    %pushi/vec4 1, 0, 1;
    %assign/vec4 v00000191e4380170_0, 0;
T_4.5 ;
    %jmp T_4.4;
T_4.3 ;
    %load/vec4 v00000191e437fd10_0;
    %flag_set/vec4 8;
    %jmp/0xz  T_4.8, 8;
    %pushi/vec4 0, 0, 1;
    %assign/vec4 v00000191e4380170_0, 0;
T_4.8 ;
    %jmp T_4.4;
T_4.4 ;
    %pop/vec4 1;
T_4.1 ;
    %jmp T_4;
    .thread T_4;
# The file index is used to find the file name in the following table.
:file_names 4;
    "N/A";
    "<interactive>";
    "src\fsm_matriz8x8.v";
    "./src\spi_master.v";
