#! /c/Source/iverilog-install/bin/vvp
:ivl_version "12.0 (devel)" "(s20150603-1539-g2693dd32b)";
:ivl_delay_selection "TYPICAL";
:vpi_time_precision + 0;
:vpi_module "C:\iverilog\lib\ivl\system.vpi";
:vpi_module "C:\iverilog\lib\ivl\vhdl_sys.vpi";
:vpi_module "C:\iverilog\lib\ivl\vhdl_textio.vpi";
:vpi_module "C:\iverilog\lib\ivl\v2005_math.vpi";
:vpi_module "C:\iverilog\lib\ivl\va_math.vpi";
S_000001ea551dbcb0 .scope module, "fsm_matriz8x8" "fsm_matriz8x8" 2 3;
 .timescale 0 0;
    .port_info 0 /INPUT 1 "clk";
    .port_info 1 /INPUT 1 "reset";
    .port_info 2 /INPUT 2 "state";
    .port_info 3 /OUTPUT 1 "mosi";
    .port_info 4 /OUTPUT 1 "sclk";
    .port_info 5 /OUTPUT 1 "cs";
o000001ea55207968 .functor BUFZ 1, C4<z>; HiZ drive
L_000001ea551dfc70 .functor NOT 1, o000001ea55207968, C4<0>, C4<0>, C4<0>;
v000001ea55260750_0 .net "avail", 0 0, v000001ea55186a70_0;  1 drivers
v000001ea55260570_0 .net "busy", 0 0, v000001ea55186560_0;  1 drivers
o000001ea55207458 .functor BUFZ 1, C4<z>; HiZ drive
v000001ea55260430_0 .net "clk", 0 0, o000001ea55207458;  0 drivers
v000001ea55260930_0 .net "cs", 0 0, v000001ea55186740_0;  1 drivers
v000001ea552601b0_0 .var "data_in", 7 0;
v000001ea55260890_0 .net "data_out", 7 0, v000001ea55260020_0;  1 drivers
L_000001ea55290088 .functor BUFT 1, C4<01011111010111100001000000>, C4<0>, C4<0>, C4<0>;
v000001ea552609d0_0 .net "div_factor", 25 0, L_000001ea55290088;  1 drivers
v000001ea55260250_0 .var "mem_index", 5 0;
v000001ea55260d90 .array "memory4CommandSend", 0 17, 4 0;
v000001ea55260e30_0 .net "mosi", 0 0, v000001ea552607f0_0;  1 drivers
v000001ea552602f0 .array "patron1", 0 7, 7 0;
v000001ea55260a70 .array "patron2", 0 7, 7 0;
v000001ea55260b10 .array "patron3", 0 7, 7 0;
v000001ea55260ed0 .array "patron4", 0 7, 7 0;
v000001ea55260f70_0 .var "prev_state", 1 0;
v000001ea55261010_0 .net "reset", 0 0, o000001ea55207968;  0 drivers
v000001ea55260bb0_0 .net "sclk", 0 0, v000001ea552606b0_0;  1 drivers
v000001ea55260c50_0 .var "sendByte", 0 0;
v000001ea55260390_0 .var "start", 0 0;
o000001ea552079c8 .functor BUFZ 2, C4<zz>; HiZ drive
v000001ea552615f0_0 .net "state", 1 0, o000001ea552079c8;  0 drivers
v000001ea55262d10_0 .var "state_send", 10 0;
E_000001ea55205210 .event negedge, v000001ea55186600_0;
E_000001ea552047d0 .event posedge, v000001ea55186600_0;
L_000001ea55261910 .part L_000001ea55290088, 0, 16;
S_000001ea551dbe40 .scope module, "spi" "spi_master" 2 21, 3 40 0, S_000001ea551dbcb0;
 .timescale 0 0;
    .port_info 0 /INPUT 1 "clk";
    .port_info 1 /INPUT 1 "reset";
    .port_info 2 /INPUT 8 "data_in";
    .port_info 3 /INPUT 1 "start";
    .port_info 4 /INPUT 16 "div_factor";
    .port_info 5 /INPUT 1 "miso";
    .port_info 6 /OUTPUT 1 "mosi";
    .port_info 7 /OUTPUT 1 "sclk";
    .port_info 8 /OUTPUT 1 "cs";
    .port_info 9 /OUTPUT 8 "data_out";
    .port_info 10 /OUTPUT 1 "busy";
    .port_info 11 /OUTPUT 1 "avail";
v000001ea551d4460_0 .var "active", 0 0;
v000001ea55186a70_0 .var "avail", 0 0;
v000001ea551864c0_0 .var "bit_count", 3 0;
v000001ea55186560_0 .var "busy", 0 0;
v000001ea55186600_0 .net "clk", 0 0, o000001ea55207458;  alias, 0 drivers
v000001ea551866a0_0 .var "clk_count", 15 0;
v000001ea55186740_0 .var "cs", 0 0;
v000001ea551867e0_0 .net "data_in", 7 0, v000001ea552601b0_0;  1 drivers
v000001ea55260020_0 .var "data_out", 7 0;
v000001ea552600c0_0 .net "div_factor", 15 0, L_000001ea55261910;  1 drivers
o000001ea55207578 .functor BUFZ 1, C4<z>; HiZ drive
v000001ea55260610_0 .net "miso", 0 0, o000001ea55207578;  0 drivers
v000001ea552607f0_0 .var "mosi", 0 0;
v000001ea552604d0_0 .net "reset", 0 0, L_000001ea551dfc70;  1 drivers
v000001ea552606b0_0 .var "sclk", 0 0;
v000001ea552610b0_0 .var "shift_reg", 7 0;
v000001ea55260cf0_0 .net "start", 0 0, v000001ea55260390_0;  1 drivers
E_000001ea55204510 .event posedge, v000001ea552604d0_0, v000001ea55186600_0;
    .scope S_000001ea551dbe40;
T_0 ;
    %wait E_000001ea55204510;
    %load/vec4 v000001ea552604d0_0;
    %flag_set/vec4 8;
    %jmp/0xz  T_0.0, 8;
    %pushi/vec4 0, 0, 1;
    %assign/vec4 v000001ea552606b0_0, 0;
    %pushi/vec4 1, 0, 1;
    %assign/vec4 v000001ea55186740_0, 0;
    %pushi/vec4 0, 0, 8;
    %assign/vec4 v000001ea552610b0_0, 0;
    %pushi/vec4 0, 0, 4;
    %assign/vec4 v000001ea551864c0_0, 0;
    %pushi/vec4 0, 0, 16;
    %assign/vec4 v000001ea551866a0_0, 0;
    %pushi/vec4 0, 0, 1;
    %assign/vec4 v000001ea551d4460_0, 0;
    %pushi/vec4 0, 0, 1;
    %assign/vec4 v000001ea55186560_0, 0;
    %pushi/vec4 0, 0, 1;
    %assign/vec4 v000001ea55186a70_0, 0;
    %jmp T_0.1;
T_0.0 ;
    %load/vec4 v000001ea55260cf0_0;
    %flag_set/vec4 9;
    %flag_get/vec4 9;
    %jmp/0 T_0.4, 9;
    %load/vec4 v000001ea551d4460_0;
    %nor/r;
    %and;
T_0.4;
    %flag_set/vec4 8;
    %jmp/0xz  T_0.2, 8;
    %pushi/vec4 1, 0, 1;
    %assign/vec4 v000001ea551d4460_0, 0;
    %pushi/vec4 1, 0, 1;
    %assign/vec4 v000001ea55186560_0, 0;
    %pushi/vec4 0, 0, 1;
    %assign/vec4 v000001ea55186a70_0, 0;
    %pushi/vec4 0, 0, 1;
    %assign/vec4 v000001ea55186740_0, 0;
    %load/vec4 v000001ea551867e0_0;
    %assign/vec4 v000001ea552610b0_0, 0;
    %pushi/vec4 7, 0, 4;
    %assign/vec4 v000001ea551864c0_0, 0;
    %jmp T_0.3;
T_0.2 ;
    %load/vec4 v000001ea551d4460_0;
    %flag_set/vec4 8;
    %jmp/0xz  T_0.5, 8;
    %load/vec4 v000001ea551866a0_0;
    %pad/u 32;
    %load/vec4 v000001ea552600c0_0;
    %pad/u 32;
    %subi 1, 0, 32;
    %cmp/u;
    %jmp/0xz  T_0.7, 5;
    %load/vec4 v000001ea551866a0_0;
    %addi 1, 0, 16;
    %assign/vec4 v000001ea551866a0_0, 0;
    %jmp T_0.8;
T_0.7 ;
    %pushi/vec4 0, 0, 16;
    %assign/vec4 v000001ea551866a0_0, 0;
    %load/vec4 v000001ea552606b0_0;
    %nor/r;
    %assign/vec4 v000001ea552606b0_0, 0;
    %load/vec4 v000001ea552606b0_0;
    %flag_set/vec4 8;
    %jmp/0xz  T_0.9, 8;
    %load/vec4 v000001ea552610b0_0;
    %parti/s 1, 7, 4;
    %assign/vec4 v000001ea552607f0_0, 0;
    %jmp T_0.10;
T_0.9 ;
    %load/vec4 v000001ea551864c0_0;
    %pad/u 32;
    %cmpi/u 0, 0, 32;
    %flag_or 5, 4; GT is !LE
    %flag_inv 5;
    %jmp/0xz  T_0.11, 5;
    %load/vec4 v000001ea551864c0_0;
    %subi 1, 0, 4;
    %assign/vec4 v000001ea551864c0_0, 0;
    %load/vec4 v000001ea552610b0_0;
    %parti/s 7, 0, 2;
    %load/vec4 v000001ea55260610_0;
    %concat/vec4; draw_concat_vec4
    %assign/vec4 v000001ea552610b0_0, 0;
    %jmp T_0.12;
T_0.11 ;
    %load/vec4 v000001ea552610b0_0;
    %assign/vec4 v000001ea55260020_0, 0;
    %pushi/vec4 1, 0, 1;
    %assign/vec4 v000001ea55186740_0, 0;
    %pushi/vec4 0, 0, 1;
    %assign/vec4 v000001ea551d4460_0, 0;
    %pushi/vec4 0, 0, 1;
    %assign/vec4 v000001ea55186560_0, 0;
    %pushi/vec4 1, 0, 1;
    %assign/vec4 v000001ea55186a70_0, 0;
T_0.12 ;
T_0.10 ;
T_0.8 ;
T_0.5 ;
T_0.3 ;
T_0.1 ;
    %jmp T_0;
    .thread T_0;
    .scope S_000001ea551dbcb0;
T_1 ;
    %pushi/vec4 0, 0, 6;
    %store/vec4 v000001ea55260250_0, 0, 6;
    %pushi/vec4 0, 0, 11;
    %store/vec4 v000001ea55262d10_0, 0, 11;
    %pushi/vec4 0, 0, 2;
    %store/vec4 v000001ea55260f70_0, 0, 2;
    %end;
    .thread T_1;
    .scope S_000001ea551dbcb0;
T_2 ;
    %pushi/vec4 12, 0, 5;
    %ix/load 4, 0, 0;
    %flag_set/imm 4, 0;
    %store/vec4a v000001ea55260d90, 4, 0;
    %pushi/vec4 1, 0, 5;
    %ix/load 4, 1, 0;
    %flag_set/imm 4, 0;
    %store/vec4a v000001ea55260d90, 4, 0;
    %pushi/vec4 9, 0, 5;
    %ix/load 4, 2, 0;
    %flag_set/imm 4, 0;
    %store/vec4a v000001ea55260d90, 4, 0;
    %pushi/vec4 0, 0, 5;
    %ix/load 4, 3, 0;
    %flag_set/imm 4, 0;
    %store/vec4a v000001ea55260d90, 4, 0;
    %pushi/vec4 10, 0, 5;
    %ix/load 4, 4, 0;
    %flag_set/imm 4, 0;
    %store/vec4a v000001ea55260d90, 4, 0;
    %pushi/vec4 10, 0, 5;
    %ix/load 4, 5, 0;
    %flag_set/imm 4, 0;
    %store/vec4a v000001ea55260d90, 4, 0;
    %pushi/vec4 11, 0, 5;
    %ix/load 4, 6, 0;
    %flag_set/imm 4, 0;
    %store/vec4a v000001ea55260d90, 4, 0;
    %pushi/vec4 7, 0, 5;
    %ix/load 4, 7, 0;
    %flag_set/imm 4, 0;
    %store/vec4a v000001ea55260d90, 4, 0;
    %pushi/vec4 15, 0, 5;
    %ix/load 4, 8, 0;
    %flag_set/imm 4, 0;
    %store/vec4a v000001ea55260d90, 4, 0;
    %pushi/vec4 0, 0, 5;
    %ix/load 4, 9, 0;
    %flag_set/imm 4, 0;
    %store/vec4a v000001ea55260d90, 4, 0;
    %pushi/vec4 255, 0, 8;
    %ix/load 4, 0, 0;
    %flag_set/imm 4, 0;
    %store/vec4a v000001ea552602f0, 4, 0;
    %pushi/vec4 129, 0, 8;
    %ix/load 4, 1, 0;
    %flag_set/imm 4, 0;
    %store/vec4a v000001ea552602f0, 4, 0;
    %pushi/vec4 165, 0, 8;
    %ix/load 4, 2, 0;
    %flag_set/imm 4, 0;
    %store/vec4a v000001ea552602f0, 4, 0;
    %pushi/vec4 129, 0, 8;
    %ix/load 4, 3, 0;
    %flag_set/imm 4, 0;
    %store/vec4a v000001ea552602f0, 4, 0;
    %pushi/vec4 165, 0, 8;
    %ix/load 4, 4, 0;
    %flag_set/imm 4, 0;
    %store/vec4a v000001ea552602f0, 4, 0;
    %pushi/vec4 153, 0, 8;
    %ix/load 4, 5, 0;
    %flag_set/imm 4, 0;
    %store/vec4a v000001ea552602f0, 4, 0;
    %pushi/vec4 129, 0, 8;
    %ix/load 4, 6, 0;
    %flag_set/imm 4, 0;
    %store/vec4a v000001ea552602f0, 4, 0;
    %pushi/vec4 255, 0, 8;
    %ix/load 4, 7, 0;
    %flag_set/imm 4, 0;
    %store/vec4a v000001ea552602f0, 4, 0;
    %pushi/vec4 255, 0, 8;
    %ix/load 4, 0, 0;
    %flag_set/imm 4, 0;
    %store/vec4a v000001ea55260a70, 4, 0;
    %pushi/vec4 129, 0, 8;
    %ix/load 4, 1, 0;
    %flag_set/imm 4, 0;
    %store/vec4a v000001ea55260a70, 4, 0;
    %pushi/vec4 165, 0, 8;
    %ix/load 4, 2, 0;
    %flag_set/imm 4, 0;
    %store/vec4a v000001ea55260a70, 4, 0;
    %pushi/vec4 129, 0, 8;
    %ix/load 4, 3, 0;
    %flag_set/imm 4, 0;
    %store/vec4a v000001ea55260a70, 4, 0;
    %pushi/vec4 153, 0, 8;
    %ix/load 4, 4, 0;
    %flag_set/imm 4, 0;
    %store/vec4a v000001ea55260a70, 4, 0;
    %pushi/vec4 165, 0, 8;
    %ix/load 4, 5, 0;
    %flag_set/imm 4, 0;
    %store/vec4a v000001ea55260a70, 4, 0;
    %pushi/vec4 129, 0, 8;
    %ix/load 4, 6, 0;
    %flag_set/imm 4, 0;
    %store/vec4a v000001ea55260a70, 4, 0;
    %pushi/vec4 255, 0, 8;
    %ix/load 4, 7, 0;
    %flag_set/imm 4, 0;
    %store/vec4a v000001ea55260a70, 4, 0;
    %pushi/vec4 255, 0, 8;
    %ix/load 4, 0, 0;
    %flag_set/imm 4, 0;
    %store/vec4a v000001ea55260b10, 4, 0;
    %pushi/vec4 195, 0, 8;
    %ix/load 4, 1, 0;
    %flag_set/imm 4, 0;
    %store/vec4a v000001ea55260b10, 4, 0;
    %pushi/vec4 165, 0, 8;
    %ix/load 4, 2, 0;
    %flag_set/imm 4, 0;
    %store/vec4a v000001ea55260b10, 4, 0;
    %pushi/vec4 165, 0, 8;
    %ix/load 4, 3, 0;
    %flag_set/imm 4, 0;
    %store/vec4a v000001ea55260b10, 4, 0;
    %pushi/vec4 129, 0, 8;
    %ix/load 4, 4, 0;
    %flag_set/imm 4, 0;
    %store/vec4a v000001ea55260b10, 4, 0;
    %pushi/vec4 153, 0, 8;
    %ix/load 4, 5, 0;
    %flag_set/imm 4, 0;
    %store/vec4a v000001ea55260b10, 4, 0;
    %pushi/vec4 165, 0, 8;
    %ix/load 4, 6, 0;
    %flag_set/imm 4, 0;
    %store/vec4a v000001ea55260b10, 4, 0;
    %pushi/vec4 255, 0, 8;
    %ix/load 4, 7, 0;
    %flag_set/imm 4, 0;
    %store/vec4a v000001ea55260b10, 4, 0;
    %pushi/vec4 255, 0, 8;
    %ix/load 4, 0, 0;
    %flag_set/imm 4, 0;
    %store/vec4a v000001ea55260ed0, 4, 0;
    %pushi/vec4 129, 0, 8;
    %ix/load 4, 1, 0;
    %flag_set/imm 4, 0;
    %store/vec4a v000001ea55260ed0, 4, 0;
    %pushi/vec4 129, 0, 8;
    %ix/load 4, 2, 0;
    %flag_set/imm 4, 0;
    %store/vec4a v000001ea55260ed0, 4, 0;
    %pushi/vec4 231, 0, 8;
    %ix/load 4, 3, 0;
    %flag_set/imm 4, 0;
    %store/vec4a v000001ea55260ed0, 4, 0;
    %pushi/vec4 129, 0, 8;
    %ix/load 4, 4, 0;
    %flag_set/imm 4, 0;
    %store/vec4a v000001ea55260ed0, 4, 0;
    %pushi/vec4 153, 0, 8;
    %ix/load 4, 5, 0;
    %flag_set/imm 4, 0;
    %store/vec4a v000001ea55260ed0, 4, 0;
    %pushi/vec4 153, 0, 8;
    %ix/load 4, 6, 0;
    %flag_set/imm 4, 0;
    %store/vec4a v000001ea55260ed0, 4, 0;
    %pushi/vec4 255, 0, 8;
    %ix/load 4, 7, 0;
    %flag_set/imm 4, 0;
    %store/vec4a v000001ea55260ed0, 4, 0;
    %end;
    .thread T_2;
    .scope S_000001ea551dbcb0;
T_3 ;
    %wait E_000001ea552047d0;
    %load/vec4 v000001ea55261010_0;
    %flag_set/vec4 8;
    %jmp/0xz  T_3.0, 8;
    %load/vec4 v000001ea552615f0_0;
    %assign/vec4 v000001ea55260f70_0, 0;
    %load/vec4 v000001ea552615f0_0;
    %dup/vec4;
    %pushi/vec4 0, 0, 2;
    %cmp/u;
    %jmp/1 T_3.2, 6;
    %dup/vec4;
    %pushi/vec4 1, 0, 2;
    %cmp/u;
    %jmp/1 T_3.3, 6;
    %dup/vec4;
    %pushi/vec4 2, 0, 2;
    %cmp/u;
    %jmp/1 T_3.4, 6;
    %dup/vec4;
    %pushi/vec4 3, 0, 2;
    %cmp/u;
    %jmp/1 T_3.5, 6;
    %jmp T_3.6;
T_3.2 ;
    %ix/load 4, 0, 0;
    %flag_set/imm 4, 0;
    %load/vec4a v000001ea552602f0, 4;
    %pad/u 5;
    %ix/load 4, 10, 0;
    %flag_set/imm 4, 0;
    %store/vec4a v000001ea55260d90, 4, 0;
    %ix/load 4, 1, 0;
    %flag_set/imm 4, 0;
    %load/vec4a v000001ea552602f0, 4;
    %pad/u 5;
    %ix/load 4, 11, 0;
    %flag_set/imm 4, 0;
    %store/vec4a v000001ea55260d90, 4, 0;
    %ix/load 4, 2, 0;
    %flag_set/imm 4, 0;
    %load/vec4a v000001ea552602f0, 4;
    %pad/u 5;
    %ix/load 4, 12, 0;
    %flag_set/imm 4, 0;
    %store/vec4a v000001ea55260d90, 4, 0;
    %ix/load 4, 3, 0;
    %flag_set/imm 4, 0;
    %load/vec4a v000001ea552602f0, 4;
    %pad/u 5;
    %ix/load 4, 13, 0;
    %flag_set/imm 4, 0;
    %store/vec4a v000001ea55260d90, 4, 0;
    %ix/load 4, 4, 0;
    %flag_set/imm 4, 0;
    %load/vec4a v000001ea552602f0, 4;
    %pad/u 5;
    %ix/load 4, 14, 0;
    %flag_set/imm 4, 0;
    %store/vec4a v000001ea55260d90, 4, 0;
    %ix/load 4, 5, 0;
    %flag_set/imm 4, 0;
    %load/vec4a v000001ea552602f0, 4;
    %pad/u 5;
    %ix/load 4, 15, 0;
    %flag_set/imm 4, 0;
    %store/vec4a v000001ea55260d90, 4, 0;
    %ix/load 4, 6, 0;
    %flag_set/imm 4, 0;
    %load/vec4a v000001ea552602f0, 4;
    %pad/u 5;
    %ix/load 4, 16, 0;
    %flag_set/imm 4, 0;
    %store/vec4a v000001ea55260d90, 4, 0;
    %ix/load 4, 7, 0;
    %flag_set/imm 4, 0;
    %load/vec4a v000001ea552602f0, 4;
    %pad/u 5;
    %ix/load 4, 17, 0;
    %flag_set/imm 4, 0;
    %store/vec4a v000001ea55260d90, 4, 0;
    %jmp T_3.6;
T_3.3 ;
    %ix/load 4, 0, 0;
    %flag_set/imm 4, 0;
    %load/vec4a v000001ea55260a70, 4;
    %pad/u 5;
    %ix/load 4, 10, 0;
    %flag_set/imm 4, 0;
    %store/vec4a v000001ea55260d90, 4, 0;
    %ix/load 4, 1, 0;
    %flag_set/imm 4, 0;
    %load/vec4a v000001ea55260a70, 4;
    %pad/u 5;
    %ix/load 4, 11, 0;
    %flag_set/imm 4, 0;
    %store/vec4a v000001ea55260d90, 4, 0;
    %ix/load 4, 2, 0;
    %flag_set/imm 4, 0;
    %load/vec4a v000001ea55260a70, 4;
    %pad/u 5;
    %ix/load 4, 12, 0;
    %flag_set/imm 4, 0;
    %store/vec4a v000001ea55260d90, 4, 0;
    %ix/load 4, 3, 0;
    %flag_set/imm 4, 0;
    %load/vec4a v000001ea55260a70, 4;
    %pad/u 5;
    %ix/load 4, 13, 0;
    %flag_set/imm 4, 0;
    %store/vec4a v000001ea55260d90, 4, 0;
    %ix/load 4, 4, 0;
    %flag_set/imm 4, 0;
    %load/vec4a v000001ea55260a70, 4;
    %pad/u 5;
    %ix/load 4, 14, 0;
    %flag_set/imm 4, 0;
    %store/vec4a v000001ea55260d90, 4, 0;
    %ix/load 4, 5, 0;
    %flag_set/imm 4, 0;
    %load/vec4a v000001ea55260a70, 4;
    %pad/u 5;
    %ix/load 4, 15, 0;
    %flag_set/imm 4, 0;
    %store/vec4a v000001ea55260d90, 4, 0;
    %ix/load 4, 6, 0;
    %flag_set/imm 4, 0;
    %load/vec4a v000001ea55260a70, 4;
    %pad/u 5;
    %ix/load 4, 16, 0;
    %flag_set/imm 4, 0;
    %store/vec4a v000001ea55260d90, 4, 0;
    %ix/load 4, 7, 0;
    %flag_set/imm 4, 0;
    %load/vec4a v000001ea55260a70, 4;
    %pad/u 5;
    %ix/load 4, 17, 0;
    %flag_set/imm 4, 0;
    %store/vec4a v000001ea55260d90, 4, 0;
    %jmp T_3.6;
T_3.4 ;
    %ix/load 4, 0, 0;
    %flag_set/imm 4, 0;
    %load/vec4a v000001ea55260b10, 4;
    %pad/u 5;
    %ix/load 4, 10, 0;
    %flag_set/imm 4, 0;
    %store/vec4a v000001ea55260d90, 4, 0;
    %ix/load 4, 1, 0;
    %flag_set/imm 4, 0;
    %load/vec4a v000001ea55260b10, 4;
    %pad/u 5;
    %ix/load 4, 11, 0;
    %flag_set/imm 4, 0;
    %store/vec4a v000001ea55260d90, 4, 0;
    %ix/load 4, 2, 0;
    %flag_set/imm 4, 0;
    %load/vec4a v000001ea55260b10, 4;
    %pad/u 5;
    %ix/load 4, 12, 0;
    %flag_set/imm 4, 0;
    %store/vec4a v000001ea55260d90, 4, 0;
    %ix/load 4, 3, 0;
    %flag_set/imm 4, 0;
    %load/vec4a v000001ea55260b10, 4;
    %pad/u 5;
    %ix/load 4, 13, 0;
    %flag_set/imm 4, 0;
    %store/vec4a v000001ea55260d90, 4, 0;
    %ix/load 4, 4, 0;
    %flag_set/imm 4, 0;
    %load/vec4a v000001ea55260b10, 4;
    %pad/u 5;
    %ix/load 4, 14, 0;
    %flag_set/imm 4, 0;
    %store/vec4a v000001ea55260d90, 4, 0;
    %ix/load 4, 5, 0;
    %flag_set/imm 4, 0;
    %load/vec4a v000001ea55260b10, 4;
    %pad/u 5;
    %ix/load 4, 15, 0;
    %flag_set/imm 4, 0;
    %store/vec4a v000001ea55260d90, 4, 0;
    %ix/load 4, 6, 0;
    %flag_set/imm 4, 0;
    %load/vec4a v000001ea55260b10, 4;
    %pad/u 5;
    %ix/load 4, 16, 0;
    %flag_set/imm 4, 0;
    %store/vec4a v000001ea55260d90, 4, 0;
    %ix/load 4, 7, 0;
    %flag_set/imm 4, 0;
    %load/vec4a v000001ea55260b10, 4;
    %pad/u 5;
    %ix/load 4, 17, 0;
    %flag_set/imm 4, 0;
    %store/vec4a v000001ea55260d90, 4, 0;
    %jmp T_3.6;
T_3.5 ;
    %ix/load 4, 0, 0;
    %flag_set/imm 4, 0;
    %load/vec4a v000001ea55260ed0, 4;
    %pad/u 5;
    %ix/load 4, 10, 0;
    %flag_set/imm 4, 0;
    %store/vec4a v000001ea55260d90, 4, 0;
    %ix/load 4, 1, 0;
    %flag_set/imm 4, 0;
    %load/vec4a v000001ea55260ed0, 4;
    %pad/u 5;
    %ix/load 4, 11, 0;
    %flag_set/imm 4, 0;
    %store/vec4a v000001ea55260d90, 4, 0;
    %ix/load 4, 2, 0;
    %flag_set/imm 4, 0;
    %load/vec4a v000001ea55260ed0, 4;
    %pad/u 5;
    %ix/load 4, 12, 0;
    %flag_set/imm 4, 0;
    %store/vec4a v000001ea55260d90, 4, 0;
    %ix/load 4, 3, 0;
    %flag_set/imm 4, 0;
    %load/vec4a v000001ea55260ed0, 4;
    %pad/u 5;
    %ix/load 4, 13, 0;
    %flag_set/imm 4, 0;
    %store/vec4a v000001ea55260d90, 4, 0;
    %ix/load 4, 4, 0;
    %flag_set/imm 4, 0;
    %load/vec4a v000001ea55260ed0, 4;
    %pad/u 5;
    %ix/load 4, 14, 0;
    %flag_set/imm 4, 0;
    %store/vec4a v000001ea55260d90, 4, 0;
    %ix/load 4, 5, 0;
    %flag_set/imm 4, 0;
    %load/vec4a v000001ea55260ed0, 4;
    %pad/u 5;
    %ix/load 4, 15, 0;
    %flag_set/imm 4, 0;
    %store/vec4a v000001ea55260d90, 4, 0;
    %ix/load 4, 6, 0;
    %flag_set/imm 4, 0;
    %load/vec4a v000001ea55260ed0, 4;
    %pad/u 5;
    %ix/load 4, 16, 0;
    %flag_set/imm 4, 0;
    %store/vec4a v000001ea55260d90, 4, 0;
    %ix/load 4, 7, 0;
    %flag_set/imm 4, 0;
    %load/vec4a v000001ea55260ed0, 4;
    %pad/u 5;
    %ix/load 4, 17, 0;
    %flag_set/imm 4, 0;
    %store/vec4a v000001ea55260d90, 4, 0;
    %jmp T_3.6;
T_3.6 ;
    %pop/vec4 1;
    %pushi/vec4 0, 0, 6;
    %assign/vec4 v000001ea55260250_0, 0;
T_3.0 ;
    %jmp T_3;
    .thread T_3;
    .scope S_000001ea551dbcb0;
T_4 ;
    %wait E_000001ea552047d0;
    %load/vec4 v000001ea55261010_0;
    %inv;
    %flag_set/vec4 8;
    %jmp/0xz  T_4.0, 8;
    %pushi/vec4 0, 0, 11;
    %assign/vec4 v000001ea55262d10_0, 0;
    %pushi/vec4 0, 0, 1;
    %assign/vec4 v000001ea55260c50_0, 0;
    %pushi/vec4 0, 0, 6;
    %assign/vec4 v000001ea55260250_0, 0;
    %jmp T_4.1;
T_4.0 ;
    %load/vec4 v000001ea55262d10_0;
    %dup/vec4;
    %pushi/vec4 0, 0, 11;
    %cmp/u;
    %jmp/1 T_4.2, 6;
    %dup/vec4;
    %pushi/vec4 1, 0, 11;
    %cmp/u;
    %jmp/1 T_4.3, 6;
    %dup/vec4;
    %pushi/vec4 2, 0, 11;
    %cmp/u;
    %jmp/1 T_4.4, 6;
    %dup/vec4;
    %pushi/vec4 3, 0, 11;
    %cmp/u;
    %jmp/1 T_4.5, 6;
    %jmp T_4.6;
T_4.2 ;
    %ix/getv 4, v000001ea55260250_0;
    %load/vec4a v000001ea55260d90, 4;
    %pad/u 8;
    %assign/vec4 v000001ea552601b0_0, 0;
    %pushi/vec4 1, 0, 1;
    %assign/vec4 v000001ea55260c50_0, 0;
    %pushi/vec4 1, 0, 11;
    %assign/vec4 v000001ea55262d10_0, 0;
    %jmp T_4.6;
T_4.3 ;
    %pushi/vec4 2, 0, 11;
    %assign/vec4 v000001ea55262d10_0, 0;
    %jmp T_4.6;
T_4.4 ;
    %pushi/vec4 0, 0, 1;
    %assign/vec4 v000001ea55260c50_0, 0;
    %load/vec4 v000001ea55260750_0;
    %flag_set/vec4 8;
    %jmp/0xz  T_4.7, 8;
    %pushi/vec4 0, 0, 11;
    %assign/vec4 v000001ea55262d10_0, 0;
    %load/vec4 v000001ea55260250_0;
    %addi 1, 0, 6;
    %assign/vec4 v000001ea55260250_0, 0;
    %load/vec4 v000001ea55260250_0;
    %pad/u 32;
    %cmpi/u 7, 0, 32;
    %flag_or 5, 4; GT is !LE
    %flag_inv 5;
    %jmp/0xz  T_4.9, 5;
    %pushi/vec4 0, 0, 6;
    %assign/vec4 v000001ea55260250_0, 0;
    %pushi/vec4 3, 0, 11;
    %assign/vec4 v000001ea55262d10_0, 0;
T_4.9 ;
T_4.7 ;
    %jmp T_4.6;
T_4.5 ;
    %pushi/vec4 0, 0, 6;
    %assign/vec4 v000001ea55260250_0, 0;
    %jmp T_4.6;
T_4.6 ;
    %pop/vec4 1;
T_4.1 ;
    %jmp T_4;
    .thread T_4;
    .scope S_000001ea551dbcb0;
T_5 ;
    %wait E_000001ea55205210;
    %load/vec4 v000001ea55261010_0;
    %inv;
    %flag_set/vec4 8;
    %jmp/0xz  T_5.0, 8;
    %pushi/vec4 0, 0, 1;
    %assign/vec4 v000001ea55260390_0, 0;
    %jmp T_5.1;
T_5.0 ;
    %load/vec4 v000001ea55260390_0;
    %dup/vec4;
    %pushi/vec4 0, 0, 1;
    %cmp/u;
    %jmp/1 T_5.2, 6;
    %dup/vec4;
    %pushi/vec4 1, 0, 1;
    %cmp/u;
    %jmp/1 T_5.3, 6;
    %jmp T_5.4;
T_5.2 ;
    %load/vec4 v000001ea55260570_0;
    %nor/r;
    %flag_set/vec4 9;
    %flag_get/vec4 9;
    %jmp/0 T_5.7, 9;
    %load/vec4 v000001ea55260c50_0;
    %and;
T_5.7;
    %flag_set/vec4 8;
    %jmp/0xz  T_5.5, 8;
    %pushi/vec4 1, 0, 1;
    %assign/vec4 v000001ea55260390_0, 0;
T_5.5 ;
    %jmp T_5.4;
T_5.3 ;
    %load/vec4 v000001ea55260750_0;
    %flag_set/vec4 8;
    %jmp/0xz  T_5.8, 8;
    %pushi/vec4 0, 0, 1;
    %assign/vec4 v000001ea55260390_0, 0;
T_5.8 ;
    %jmp T_5.4;
T_5.4 ;
    %pop/vec4 1;
T_5.1 ;
    %jmp T_5;
    .thread T_5;
# The file index is used to find the file name in the following table.
:file_names 4;
    "N/A";
    "<interactive>";
    "src\matriz_caras2.v";
    "./src\spi_master.v";
