#! /c/Source/iverilog-install/bin/vvp
:ivl_version "12.0 (devel)" "(s20150603-1539-g2693dd32b)";
:ivl_delay_selection "TYPICAL";
:vpi_time_precision + 0;
:vpi_module "C:\iverilog\lib\ivl\system.vpi";
:vpi_module "C:\iverilog\lib\ivl\vhdl_sys.vpi";
:vpi_module "C:\iverilog\lib\ivl\vhdl_textio.vpi";
:vpi_module "C:\iverilog\lib\ivl\v2005_math.vpi";
:vpi_module "C:\iverilog\lib\ivl\va_math.vpi";
S_0000025785e1bcb0 .scope module, "matriz_caras3" "matriz_caras3" 2 3;
 .timescale 0 0;
    .port_info 0 /INPUT 1 "clk";
    .port_info 1 /INPUT 1 "reset";
    .port_info 2 /INPUT 4 "state";
    .port_info 3 /OUTPUT 1 "mosi";
    .port_info 4 /OUTPUT 1 "sclk";
    .port_info 5 /OUTPUT 1 "cs";
o0000025785e4b3b8 .functor BUFZ 1, C4<z>; HiZ drive
L_0000025785e1fc00 .functor NOT 1, o0000025785e4b3b8, C4<0>, C4<0>, C4<0>;
v0000025785ea1750_0 .net "avail", 0 0, v0000025785dc6af0_0;  1 drivers
v0000025785ea1930_0 .net "busy", 0 0, v0000025785dc65e0_0;  1 drivers
v0000025785ea19d0_0 .var "c2", 1 0;
o0000025785e4ae78 .functor BUFZ 1, C4<z>; HiZ drive
v0000025785ea1a70_0 .net "clk", 0 0, o0000025785e4ae78;  0 drivers
v0000025785ea1b10_0 .net "cs", 0 0, v0000025785dc67c0_0;  1 drivers
v0000025785ea14d0_0 .var "data_in", 7 0;
v0000025785ea1cf0_0 .net "data_out", 7 0, v0000025785e13c40_0;  1 drivers
L_0000025785ed0088 .functor BUFT 1, C4<01011111010111100001000000>, C4<0>, C4<0>, C4<0>;
v0000025785ea1250_0 .net "div_factor", 25 0, L_0000025785ed0088;  1 drivers
v0000025785ea1bb0_0 .var "mem_index", 5 0;
v0000025785ea1c50 .array "memory4CommandSend", 30 0, 7 0;
v0000025785ea12f0_0 .net "mosi", 0 0, v0000025785ea1430_0;  1 drivers
v0000025785ea1d90 .array "patron1", 0 7, 7 0;
v0000025785ea1e30 .array "patron2", 0 7, 7 0;
v0000025785ea11b0 .array "patron3", 0 7, 7 0;
v0000025785ea1110 .array "patron4", 0 7, 7 0;
v0000025785ea1570_0 .var "prev_state", 1 0;
v0000025785ea1390_0 .net "reset", 0 0, o0000025785e4b3b8;  0 drivers
v0000025785ea1ed0_0 .net "sclk", 0 0, v0000025785ea17f0_0;  1 drivers
v0000025785ea1f70_0 .var "sendByte", 0 0;
v0000025785ea3de0_0 .var "start", 0 0;
o0000025785e4b418 .functor BUFZ 4, C4<zzzz>; HiZ drive
v0000025785ea24e0_0 .net "state", 3 0, o0000025785e4b418;  0 drivers
v0000025785ea3ac0_0 .var "state_old", 1 0;
v0000025785ea3840_0 .var "state_send", 10 0;
E_0000025785e44a60 .event negedge, v0000025785dc6680_0;
E_0000025785e44c20 .event posedge, v0000025785dc6680_0;
L_0000025785ea3e80 .part L_0000025785ed0088, 0, 16;
S_0000025785e1be40 .scope module, "spi" "spi_master" 2 24, 3 40 0, S_0000025785e1bcb0;
 .timescale 0 0;
    .port_info 0 /INPUT 1 "clk";
    .port_info 1 /INPUT 1 "reset";
    .port_info 2 /INPUT 8 "data_in";
    .port_info 3 /INPUT 1 "start";
    .port_info 4 /INPUT 16 "div_factor";
    .port_info 5 /INPUT 1 "miso";
    .port_info 6 /OUTPUT 1 "mosi";
    .port_info 7 /OUTPUT 1 "sclk";
    .port_info 8 /OUTPUT 1 "cs";
    .port_info 9 /OUTPUT 8 "data_out";
    .port_info 10 /OUTPUT 1 "busy";
    .port_info 11 /OUTPUT 1 "avail";
v0000025785e46ce0_0 .var "active", 0 0;
v0000025785dc6af0_0 .var "avail", 0 0;
v0000025785dc6540_0 .var "bit_count", 3 0;
v0000025785dc65e0_0 .var "busy", 0 0;
v0000025785dc6680_0 .net "clk", 0 0, o0000025785e4ae78;  alias, 0 drivers
v0000025785dc6720_0 .var "clk_count", 15 0;
v0000025785dc67c0_0 .var "cs", 0 0;
v0000025785dc6860_0 .net "data_in", 7 0, v0000025785ea14d0_0;  1 drivers
v0000025785e13c40_0 .var "data_out", 7 0;
v0000025785e13ce0_0 .net "div_factor", 15 0, L_0000025785ea3e80;  1 drivers
o0000025785e4af98 .functor BUFZ 1, C4<z>; HiZ drive
v0000025785ea1610_0 .net "miso", 0 0, o0000025785e4af98;  0 drivers
v0000025785ea1430_0 .var "mosi", 0 0;
v0000025785ea16b0_0 .net "reset", 0 0, L_0000025785e1fc00;  1 drivers
v0000025785ea17f0_0 .var "sclk", 0 0;
v0000025785ea1070_0 .var "shift_reg", 7 0;
v0000025785ea1890_0 .net "start", 0 0, v0000025785ea3de0_0;  1 drivers
E_0000025785e443e0 .event posedge, v0000025785ea16b0_0, v0000025785dc6680_0;
    .scope S_0000025785e1be40;
T_0 ;
    %wait E_0000025785e443e0;
    %load/vec4 v0000025785ea16b0_0;
    %flag_set/vec4 8;
    %jmp/0xz  T_0.0, 8;
    %pushi/vec4 0, 0, 1;
    %assign/vec4 v0000025785ea17f0_0, 0;
    %pushi/vec4 1, 0, 1;
    %assign/vec4 v0000025785dc67c0_0, 0;
    %pushi/vec4 0, 0, 8;
    %assign/vec4 v0000025785ea1070_0, 0;
    %pushi/vec4 0, 0, 4;
    %assign/vec4 v0000025785dc6540_0, 0;
    %pushi/vec4 0, 0, 16;
    %assign/vec4 v0000025785dc6720_0, 0;
    %pushi/vec4 0, 0, 1;
    %assign/vec4 v0000025785e46ce0_0, 0;
    %pushi/vec4 0, 0, 1;
    %assign/vec4 v0000025785dc65e0_0, 0;
    %pushi/vec4 0, 0, 1;
    %assign/vec4 v0000025785dc6af0_0, 0;
    %jmp T_0.1;
T_0.0 ;
    %load/vec4 v0000025785ea1890_0;
    %flag_set/vec4 9;
    %flag_get/vec4 9;
    %jmp/0 T_0.4, 9;
    %load/vec4 v0000025785e46ce0_0;
    %nor/r;
    %and;
T_0.4;
    %flag_set/vec4 8;
    %jmp/0xz  T_0.2, 8;
    %pushi/vec4 1, 0, 1;
    %assign/vec4 v0000025785e46ce0_0, 0;
    %pushi/vec4 1, 0, 1;
    %assign/vec4 v0000025785dc65e0_0, 0;
    %pushi/vec4 0, 0, 1;
    %assign/vec4 v0000025785dc6af0_0, 0;
    %pushi/vec4 0, 0, 1;
    %assign/vec4 v0000025785dc67c0_0, 0;
    %load/vec4 v0000025785dc6860_0;
    %assign/vec4 v0000025785ea1070_0, 0;
    %pushi/vec4 7, 0, 4;
    %assign/vec4 v0000025785dc6540_0, 0;
    %jmp T_0.3;
T_0.2 ;
    %load/vec4 v0000025785e46ce0_0;
    %flag_set/vec4 8;
    %jmp/0xz  T_0.5, 8;
    %load/vec4 v0000025785dc6720_0;
    %pad/u 32;
    %load/vec4 v0000025785e13ce0_0;
    %pad/u 32;
    %subi 1, 0, 32;
    %cmp/u;
    %jmp/0xz  T_0.7, 5;
    %load/vec4 v0000025785dc6720_0;
    %addi 1, 0, 16;
    %assign/vec4 v0000025785dc6720_0, 0;
    %jmp T_0.8;
T_0.7 ;
    %pushi/vec4 0, 0, 16;
    %assign/vec4 v0000025785dc6720_0, 0;
    %load/vec4 v0000025785ea17f0_0;
    %nor/r;
    %assign/vec4 v0000025785ea17f0_0, 0;
    %load/vec4 v0000025785ea17f0_0;
    %flag_set/vec4 8;
    %jmp/0xz  T_0.9, 8;
    %load/vec4 v0000025785ea1070_0;
    %parti/s 1, 7, 4;
    %assign/vec4 v0000025785ea1430_0, 0;
    %jmp T_0.10;
T_0.9 ;
    %load/vec4 v0000025785dc6540_0;
    %pad/u 32;
    %cmpi/u 0, 0, 32;
    %flag_or 5, 4; GT is !LE
    %flag_inv 5;
    %jmp/0xz  T_0.11, 5;
    %load/vec4 v0000025785dc6540_0;
    %subi 1, 0, 4;
    %assign/vec4 v0000025785dc6540_0, 0;
    %load/vec4 v0000025785ea1070_0;
    %parti/s 7, 0, 2;
    %load/vec4 v0000025785ea1610_0;
    %concat/vec4; draw_concat_vec4
    %assign/vec4 v0000025785ea1070_0, 0;
    %jmp T_0.12;
T_0.11 ;
    %load/vec4 v0000025785ea1070_0;
    %assign/vec4 v0000025785e13c40_0, 0;
    %pushi/vec4 1, 0, 1;
    %assign/vec4 v0000025785dc67c0_0, 0;
    %pushi/vec4 0, 0, 1;
    %assign/vec4 v0000025785e46ce0_0, 0;
    %pushi/vec4 0, 0, 1;
    %assign/vec4 v0000025785dc65e0_0, 0;
    %pushi/vec4 1, 0, 1;
    %assign/vec4 v0000025785dc6af0_0, 0;
T_0.12 ;
T_0.10 ;
T_0.8 ;
T_0.5 ;
T_0.3 ;
T_0.1 ;
    %jmp T_0;
    .thread T_0;
    .scope S_0000025785e1bcb0;
T_1 ;
    %pushi/vec4 0, 0, 6;
    %store/vec4 v0000025785ea1bb0_0, 0, 6;
    %pushi/vec4 0, 0, 11;
    %store/vec4 v0000025785ea3840_0, 0, 11;
    %pushi/vec4 0, 0, 2;
    %store/vec4 v0000025785ea1570_0, 0, 2;
    %pushi/vec4 0, 0, 2;
    %store/vec4 v0000025785ea19d0_0, 0, 2;
    %end;
    .thread T_1;
    .scope S_0000025785e1bcb0;
T_2 ;
    %pushi/vec4 12, 0, 8;
    %ix/load 4, 0, 0;
    %flag_set/imm 4, 0;
    %store/vec4a v0000025785ea1c50, 4, 0;
    %pushi/vec4 1, 0, 8;
    %ix/load 4, 1, 0;
    %flag_set/imm 4, 0;
    %store/vec4a v0000025785ea1c50, 4, 0;
    %pushi/vec4 9, 0, 8;
    %ix/load 4, 2, 0;
    %flag_set/imm 4, 0;
    %store/vec4a v0000025785ea1c50, 4, 0;
    %pushi/vec4 0, 0, 8;
    %ix/load 4, 3, 0;
    %flag_set/imm 4, 0;
    %store/vec4a v0000025785ea1c50, 4, 0;
    %pushi/vec4 10, 0, 8;
    %ix/load 4, 4, 0;
    %flag_set/imm 4, 0;
    %store/vec4a v0000025785ea1c50, 4, 0;
    %pushi/vec4 10, 0, 8;
    %ix/load 4, 5, 0;
    %flag_set/imm 4, 0;
    %store/vec4a v0000025785ea1c50, 4, 0;
    %pushi/vec4 11, 0, 8;
    %ix/load 4, 6, 0;
    %flag_set/imm 4, 0;
    %store/vec4a v0000025785ea1c50, 4, 0;
    %pushi/vec4 7, 0, 8;
    %ix/load 4, 7, 0;
    %flag_set/imm 4, 0;
    %store/vec4a v0000025785ea1c50, 4, 0;
    %pushi/vec4 15, 0, 8;
    %ix/load 4, 8, 0;
    %flag_set/imm 4, 0;
    %store/vec4a v0000025785ea1c50, 4, 0;
    %pushi/vec4 0, 0, 8;
    %ix/load 4, 9, 0;
    %flag_set/imm 4, 0;
    %store/vec4a v0000025785ea1c50, 4, 0;
    %pushi/vec4 255, 0, 8;
    %ix/load 4, 0, 0;
    %flag_set/imm 4, 0;
    %store/vec4a v0000025785ea1d90, 4, 0;
    %pushi/vec4 129, 0, 8;
    %ix/load 4, 1, 0;
    %flag_set/imm 4, 0;
    %store/vec4a v0000025785ea1d90, 4, 0;
    %pushi/vec4 165, 0, 8;
    %ix/load 4, 2, 0;
    %flag_set/imm 4, 0;
    %store/vec4a v0000025785ea1d90, 4, 0;
    %pushi/vec4 129, 0, 8;
    %ix/load 4, 3, 0;
    %flag_set/imm 4, 0;
    %store/vec4a v0000025785ea1d90, 4, 0;
    %pushi/vec4 165, 0, 8;
    %ix/load 4, 4, 0;
    %flag_set/imm 4, 0;
    %store/vec4a v0000025785ea1d90, 4, 0;
    %pushi/vec4 153, 0, 8;
    %ix/load 4, 5, 0;
    %flag_set/imm 4, 0;
    %store/vec4a v0000025785ea1d90, 4, 0;
    %pushi/vec4 129, 0, 8;
    %ix/load 4, 6, 0;
    %flag_set/imm 4, 0;
    %store/vec4a v0000025785ea1d90, 4, 0;
    %pushi/vec4 255, 0, 8;
    %ix/load 4, 7, 0;
    %flag_set/imm 4, 0;
    %store/vec4a v0000025785ea1d90, 4, 0;
    %pushi/vec4 255, 0, 8;
    %ix/load 4, 0, 0;
    %flag_set/imm 4, 0;
    %store/vec4a v0000025785ea1e30, 4, 0;
    %pushi/vec4 129, 0, 8;
    %ix/load 4, 1, 0;
    %flag_set/imm 4, 0;
    %store/vec4a v0000025785ea1e30, 4, 0;
    %pushi/vec4 165, 0, 8;
    %ix/load 4, 2, 0;
    %flag_set/imm 4, 0;
    %store/vec4a v0000025785ea1e30, 4, 0;
    %pushi/vec4 129, 0, 8;
    %ix/load 4, 3, 0;
    %flag_set/imm 4, 0;
    %store/vec4a v0000025785ea1e30, 4, 0;
    %pushi/vec4 153, 0, 8;
    %ix/load 4, 4, 0;
    %flag_set/imm 4, 0;
    %store/vec4a v0000025785ea1e30, 4, 0;
    %pushi/vec4 165, 0, 8;
    %ix/load 4, 5, 0;
    %flag_set/imm 4, 0;
    %store/vec4a v0000025785ea1e30, 4, 0;
    %pushi/vec4 129, 0, 8;
    %ix/load 4, 6, 0;
    %flag_set/imm 4, 0;
    %store/vec4a v0000025785ea1e30, 4, 0;
    %pushi/vec4 255, 0, 8;
    %ix/load 4, 7, 0;
    %flag_set/imm 4, 0;
    %store/vec4a v0000025785ea1e30, 4, 0;
    %pushi/vec4 255, 0, 8;
    %ix/load 4, 0, 0;
    %flag_set/imm 4, 0;
    %store/vec4a v0000025785ea11b0, 4, 0;
    %pushi/vec4 195, 0, 8;
    %ix/load 4, 1, 0;
    %flag_set/imm 4, 0;
    %store/vec4a v0000025785ea11b0, 4, 0;
    %pushi/vec4 165, 0, 8;
    %ix/load 4, 2, 0;
    %flag_set/imm 4, 0;
    %store/vec4a v0000025785ea11b0, 4, 0;
    %pushi/vec4 165, 0, 8;
    %ix/load 4, 3, 0;
    %flag_set/imm 4, 0;
    %store/vec4a v0000025785ea11b0, 4, 0;
    %pushi/vec4 129, 0, 8;
    %ix/load 4, 4, 0;
    %flag_set/imm 4, 0;
    %store/vec4a v0000025785ea11b0, 4, 0;
    %pushi/vec4 153, 0, 8;
    %ix/load 4, 5, 0;
    %flag_set/imm 4, 0;
    %store/vec4a v0000025785ea11b0, 4, 0;
    %pushi/vec4 165, 0, 8;
    %ix/load 4, 6, 0;
    %flag_set/imm 4, 0;
    %store/vec4a v0000025785ea11b0, 4, 0;
    %pushi/vec4 255, 0, 8;
    %ix/load 4, 7, 0;
    %flag_set/imm 4, 0;
    %store/vec4a v0000025785ea11b0, 4, 0;
    %pushi/vec4 255, 0, 8;
    %ix/load 4, 0, 0;
    %flag_set/imm 4, 0;
    %store/vec4a v0000025785ea1110, 4, 0;
    %pushi/vec4 129, 0, 8;
    %ix/load 4, 1, 0;
    %flag_set/imm 4, 0;
    %store/vec4a v0000025785ea1110, 4, 0;
    %pushi/vec4 129, 0, 8;
    %ix/load 4, 2, 0;
    %flag_set/imm 4, 0;
    %store/vec4a v0000025785ea1110, 4, 0;
    %pushi/vec4 231, 0, 8;
    %ix/load 4, 3, 0;
    %flag_set/imm 4, 0;
    %store/vec4a v0000025785ea1110, 4, 0;
    %pushi/vec4 129, 0, 8;
    %ix/load 4, 4, 0;
    %flag_set/imm 4, 0;
    %store/vec4a v0000025785ea1110, 4, 0;
    %pushi/vec4 153, 0, 8;
    %ix/load 4, 5, 0;
    %flag_set/imm 4, 0;
    %store/vec4a v0000025785ea1110, 4, 0;
    %pushi/vec4 153, 0, 8;
    %ix/load 4, 6, 0;
    %flag_set/imm 4, 0;
    %store/vec4a v0000025785ea1110, 4, 0;
    %pushi/vec4 255, 0, 8;
    %ix/load 4, 7, 0;
    %flag_set/imm 4, 0;
    %store/vec4a v0000025785ea1110, 4, 0;
    %end;
    .thread T_2;
    .scope S_0000025785e1bcb0;
T_3 ;
    %wait E_0000025785e44c20;
    %load/vec4 v0000025785ea1390_0;
    %flag_set/vec4 8;
    %jmp/0xz  T_3.0, 8;
    %load/vec4 v0000025785ea24e0_0;
    %pad/u 2;
    %assign/vec4 v0000025785ea1570_0, 0;
    %load/vec4 v0000025785ea24e0_0;
    %dup/vec4;
    %pushi/vec4 0, 0, 4;
    %cmp/u;
    %jmp/1 T_3.2, 6;
    %dup/vec4;
    %pushi/vec4 1, 0, 4;
    %cmp/u;
    %jmp/1 T_3.3, 6;
    %dup/vec4;
    %pushi/vec4 2, 0, 4;
    %cmp/u;
    %jmp/1 T_3.4, 6;
    %dup/vec4;
    %pushi/vec4 3, 0, 4;
    %cmp/u;
    %jmp/1 T_3.5, 6;
    %jmp T_3.6;
T_3.2 ;
    %ix/load 4, 0, 0;
    %flag_set/imm 4, 0;
    %load/vec4a v0000025785ea1d90, 4;
    %ix/load 4, 10, 0;
    %flag_set/imm 4, 0;
    %store/vec4a v0000025785ea1c50, 4, 0;
    %ix/load 4, 1, 0;
    %flag_set/imm 4, 0;
    %load/vec4a v0000025785ea1d90, 4;
    %ix/load 4, 11, 0;
    %flag_set/imm 4, 0;
    %store/vec4a v0000025785ea1c50, 4, 0;
    %ix/load 4, 2, 0;
    %flag_set/imm 4, 0;
    %load/vec4a v0000025785ea1d90, 4;
    %ix/load 4, 12, 0;
    %flag_set/imm 4, 0;
    %store/vec4a v0000025785ea1c50, 4, 0;
    %ix/load 4, 3, 0;
    %flag_set/imm 4, 0;
    %load/vec4a v0000025785ea1d90, 4;
    %ix/load 4, 13, 0;
    %flag_set/imm 4, 0;
    %store/vec4a v0000025785ea1c50, 4, 0;
    %ix/load 4, 4, 0;
    %flag_set/imm 4, 0;
    %load/vec4a v0000025785ea1d90, 4;
    %ix/load 4, 14, 0;
    %flag_set/imm 4, 0;
    %store/vec4a v0000025785ea1c50, 4, 0;
    %ix/load 4, 5, 0;
    %flag_set/imm 4, 0;
    %load/vec4a v0000025785ea1d90, 4;
    %ix/load 4, 15, 0;
    %flag_set/imm 4, 0;
    %store/vec4a v0000025785ea1c50, 4, 0;
    %ix/load 4, 6, 0;
    %flag_set/imm 4, 0;
    %load/vec4a v0000025785ea1d90, 4;
    %ix/load 4, 16, 0;
    %flag_set/imm 4, 0;
    %store/vec4a v0000025785ea1c50, 4, 0;
    %ix/load 4, 7, 0;
    %flag_set/imm 4, 0;
    %load/vec4a v0000025785ea1d90, 4;
    %ix/load 4, 17, 0;
    %flag_set/imm 4, 0;
    %store/vec4a v0000025785ea1c50, 4, 0;
    %jmp T_3.6;
T_3.3 ;
    %ix/load 4, 0, 0;
    %flag_set/imm 4, 0;
    %load/vec4a v0000025785ea1e30, 4;
    %ix/load 4, 10, 0;
    %flag_set/imm 4, 0;
    %store/vec4a v0000025785ea1c50, 4, 0;
    %ix/load 4, 1, 0;
    %flag_set/imm 4, 0;
    %load/vec4a v0000025785ea1e30, 4;
    %ix/load 4, 11, 0;
    %flag_set/imm 4, 0;
    %store/vec4a v0000025785ea1c50, 4, 0;
    %ix/load 4, 2, 0;
    %flag_set/imm 4, 0;
    %load/vec4a v0000025785ea1e30, 4;
    %ix/load 4, 12, 0;
    %flag_set/imm 4, 0;
    %store/vec4a v0000025785ea1c50, 4, 0;
    %ix/load 4, 3, 0;
    %flag_set/imm 4, 0;
    %load/vec4a v0000025785ea1e30, 4;
    %ix/load 4, 13, 0;
    %flag_set/imm 4, 0;
    %store/vec4a v0000025785ea1c50, 4, 0;
    %ix/load 4, 4, 0;
    %flag_set/imm 4, 0;
    %load/vec4a v0000025785ea1e30, 4;
    %ix/load 4, 14, 0;
    %flag_set/imm 4, 0;
    %store/vec4a v0000025785ea1c50, 4, 0;
    %ix/load 4, 5, 0;
    %flag_set/imm 4, 0;
    %load/vec4a v0000025785ea1e30, 4;
    %ix/load 4, 15, 0;
    %flag_set/imm 4, 0;
    %store/vec4a v0000025785ea1c50, 4, 0;
    %ix/load 4, 6, 0;
    %flag_set/imm 4, 0;
    %load/vec4a v0000025785ea1e30, 4;
    %ix/load 4, 16, 0;
    %flag_set/imm 4, 0;
    %store/vec4a v0000025785ea1c50, 4, 0;
    %ix/load 4, 7, 0;
    %flag_set/imm 4, 0;
    %load/vec4a v0000025785ea1e30, 4;
    %ix/load 4, 17, 0;
    %flag_set/imm 4, 0;
    %store/vec4a v0000025785ea1c50, 4, 0;
    %jmp T_3.6;
T_3.4 ;
    %ix/load 4, 0, 0;
    %flag_set/imm 4, 0;
    %load/vec4a v0000025785ea11b0, 4;
    %ix/load 4, 10, 0;
    %flag_set/imm 4, 0;
    %store/vec4a v0000025785ea1c50, 4, 0;
    %ix/load 4, 1, 0;
    %flag_set/imm 4, 0;
    %load/vec4a v0000025785ea11b0, 4;
    %ix/load 4, 11, 0;
    %flag_set/imm 4, 0;
    %store/vec4a v0000025785ea1c50, 4, 0;
    %ix/load 4, 2, 0;
    %flag_set/imm 4, 0;
    %load/vec4a v0000025785ea11b0, 4;
    %ix/load 4, 12, 0;
    %flag_set/imm 4, 0;
    %store/vec4a v0000025785ea1c50, 4, 0;
    %ix/load 4, 3, 0;
    %flag_set/imm 4, 0;
    %load/vec4a v0000025785ea11b0, 4;
    %ix/load 4, 13, 0;
    %flag_set/imm 4, 0;
    %store/vec4a v0000025785ea1c50, 4, 0;
    %ix/load 4, 4, 0;
    %flag_set/imm 4, 0;
    %load/vec4a v0000025785ea11b0, 4;
    %ix/load 4, 14, 0;
    %flag_set/imm 4, 0;
    %store/vec4a v0000025785ea1c50, 4, 0;
    %ix/load 4, 5, 0;
    %flag_set/imm 4, 0;
    %load/vec4a v0000025785ea11b0, 4;
    %ix/load 4, 15, 0;
    %flag_set/imm 4, 0;
    %store/vec4a v0000025785ea1c50, 4, 0;
    %ix/load 4, 6, 0;
    %flag_set/imm 4, 0;
    %load/vec4a v0000025785ea11b0, 4;
    %ix/load 4, 16, 0;
    %flag_set/imm 4, 0;
    %store/vec4a v0000025785ea1c50, 4, 0;
    %ix/load 4, 7, 0;
    %flag_set/imm 4, 0;
    %load/vec4a v0000025785ea11b0, 4;
    %ix/load 4, 17, 0;
    %flag_set/imm 4, 0;
    %store/vec4a v0000025785ea1c50, 4, 0;
    %jmp T_3.6;
T_3.5 ;
    %ix/load 4, 0, 0;
    %flag_set/imm 4, 0;
    %load/vec4a v0000025785ea1110, 4;
    %ix/load 4, 10, 0;
    %flag_set/imm 4, 0;
    %store/vec4a v0000025785ea1c50, 4, 0;
    %ix/load 4, 1, 0;
    %flag_set/imm 4, 0;
    %load/vec4a v0000025785ea1110, 4;
    %ix/load 4, 11, 0;
    %flag_set/imm 4, 0;
    %store/vec4a v0000025785ea1c50, 4, 0;
    %ix/load 4, 2, 0;
    %flag_set/imm 4, 0;
    %load/vec4a v0000025785ea1110, 4;
    %ix/load 4, 12, 0;
    %flag_set/imm 4, 0;
    %store/vec4a v0000025785ea1c50, 4, 0;
    %ix/load 4, 3, 0;
    %flag_set/imm 4, 0;
    %load/vec4a v0000025785ea1110, 4;
    %ix/load 4, 13, 0;
    %flag_set/imm 4, 0;
    %store/vec4a v0000025785ea1c50, 4, 0;
    %ix/load 4, 4, 0;
    %flag_set/imm 4, 0;
    %load/vec4a v0000025785ea1110, 4;
    %ix/load 4, 14, 0;
    %flag_set/imm 4, 0;
    %store/vec4a v0000025785ea1c50, 4, 0;
    %ix/load 4, 5, 0;
    %flag_set/imm 4, 0;
    %load/vec4a v0000025785ea1110, 4;
    %ix/load 4, 15, 0;
    %flag_set/imm 4, 0;
    %store/vec4a v0000025785ea1c50, 4, 0;
    %ix/load 4, 6, 0;
    %flag_set/imm 4, 0;
    %load/vec4a v0000025785ea1110, 4;
    %ix/load 4, 16, 0;
    %flag_set/imm 4, 0;
    %store/vec4a v0000025785ea1c50, 4, 0;
    %ix/load 4, 7, 0;
    %flag_set/imm 4, 0;
    %load/vec4a v0000025785ea1110, 4;
    %ix/load 4, 17, 0;
    %flag_set/imm 4, 0;
    %store/vec4a v0000025785ea1c50, 4, 0;
    %jmp T_3.6;
T_3.6 ;
    %pop/vec4 1;
T_3.0 ;
    %jmp T_3;
    .thread T_3;
    .scope S_0000025785e1bcb0;
T_4 ;
    %wait E_0000025785e44c20;
    %load/vec4 v0000025785ea1390_0;
    %inv;
    %flag_set/vec4 8;
    %jmp/0xz  T_4.0, 8;
    %pushi/vec4 0, 0, 11;
    %assign/vec4 v0000025785ea3840_0, 0;
    %pushi/vec4 0, 0, 1;
    %assign/vec4 v0000025785ea1f70_0, 0;
    %pushi/vec4 0, 0, 6;
    %assign/vec4 v0000025785ea1bb0_0, 0;
    %jmp T_4.1;
T_4.0 ;
    %load/vec4 v0000025785ea3840_0;
    %dup/vec4;
    %pushi/vec4 0, 0, 11;
    %cmp/u;
    %jmp/1 T_4.2, 6;
    %dup/vec4;
    %pushi/vec4 1, 0, 11;
    %cmp/u;
    %jmp/1 T_4.3, 6;
    %dup/vec4;
    %pushi/vec4 2, 0, 11;
    %cmp/u;
    %jmp/1 T_4.4, 6;
    %dup/vec4;
    %pushi/vec4 3, 0, 11;
    %cmp/u;
    %jmp/1 T_4.5, 6;
    %jmp T_4.6;
T_4.2 ;
    %load/vec4 v0000025785ea1bb0_0;
    %pad/u 7;
    %ix/vec4 4;
    %load/vec4a v0000025785ea1c50, 4;
    %assign/vec4 v0000025785ea14d0_0, 0;
    %pushi/vec4 1, 0, 1;
    %assign/vec4 v0000025785ea1f70_0, 0;
    %pushi/vec4 1, 0, 11;
    %assign/vec4 v0000025785ea3840_0, 0;
    %jmp T_4.6;
T_4.3 ;
    %pushi/vec4 2, 0, 11;
    %assign/vec4 v0000025785ea3840_0, 0;
    %jmp T_4.6;
T_4.4 ;
    %pushi/vec4 0, 0, 1;
    %assign/vec4 v0000025785ea1f70_0, 0;
    %load/vec4 v0000025785ea1750_0;
    %flag_set/vec4 8;
    %jmp/0xz  T_4.7, 8;
    %pushi/vec4 0, 0, 11;
    %assign/vec4 v0000025785ea3840_0, 0;
    %load/vec4 v0000025785ea1bb0_0;
    %addi 1, 0, 6;
    %assign/vec4 v0000025785ea1bb0_0, 0;
    %load/vec4 v0000025785ea1bb0_0;
    %pad/u 32;
    %cmpi/u 24, 0, 32;
    %flag_or 5, 4; GT is !LE
    %flag_inv 5;
    %jmp/0xz  T_4.9, 5;
    %pushi/vec4 10, 0, 6;
    %assign/vec4 v0000025785ea1bb0_0, 0;
    %pushi/vec4 3, 0, 11;
    %assign/vec4 v0000025785ea3840_0, 0;
T_4.9 ;
T_4.7 ;
    %jmp T_4.6;
T_4.5 ;
    %pushi/vec4 0, 0, 6;
    %assign/vec4 v0000025785ea1bb0_0, 0;
    %load/vec4 v0000025785ea3ac0_0;
    %pad/u 4;
    %load/vec4 v0000025785ea24e0_0;
    %cmp/ne;
    %jmp/0xz  T_4.11, 4;
    %load/vec4 v0000025785ea24e0_0;
    %pad/u 2;
    %assign/vec4 v0000025785ea3ac0_0, 0;
    %pushi/vec4 0, 0, 11;
    %assign/vec4 v0000025785ea3840_0, 0;
T_4.11 ;
    %jmp T_4.6;
T_4.6 ;
    %pop/vec4 1;
T_4.1 ;
    %jmp T_4;
    .thread T_4;
    .scope S_0000025785e1bcb0;
T_5 ;
    %wait E_0000025785e44a60;
    %load/vec4 v0000025785ea1390_0;
    %inv;
    %flag_set/vec4 8;
    %jmp/0xz  T_5.0, 8;
    %pushi/vec4 0, 0, 1;
    %assign/vec4 v0000025785ea3de0_0, 0;
    %jmp T_5.1;
T_5.0 ;
    %load/vec4 v0000025785ea3de0_0;
    %dup/vec4;
    %pushi/vec4 0, 0, 1;
    %cmp/u;
    %jmp/1 T_5.2, 6;
    %dup/vec4;
    %pushi/vec4 1, 0, 1;
    %cmp/u;
    %jmp/1 T_5.3, 6;
    %jmp T_5.4;
T_5.2 ;
    %load/vec4 v0000025785ea1930_0;
    %nor/r;
    %flag_set/vec4 9;
    %flag_get/vec4 9;
    %jmp/0 T_5.7, 9;
    %load/vec4 v0000025785ea1f70_0;
    %and;
T_5.7;
    %flag_set/vec4 8;
    %jmp/0xz  T_5.5, 8;
    %pushi/vec4 1, 0, 1;
    %assign/vec4 v0000025785ea3de0_0, 0;
T_5.5 ;
    %jmp T_5.4;
T_5.3 ;
    %load/vec4 v0000025785ea1750_0;
    %flag_set/vec4 8;
    %jmp/0xz  T_5.8, 8;
    %pushi/vec4 0, 0, 1;
    %assign/vec4 v0000025785ea3de0_0, 0;
T_5.8 ;
    %jmp T_5.4;
T_5.4 ;
    %pop/vec4 1;
T_5.1 ;
    %jmp T_5;
    .thread T_5;
# The file index is used to find the file name in the following table.
:file_names 4;
    "N/A";
    "<interactive>";
    "src\matriz_caras3.v";
    "./src\spi_master.v";
