Analysis & Synthesis report for matriz_caras2
Tue Feb 25 15:39:05 2025
Quartus Prime Version 23.1std.1 Build 993 05/14/2024 SC Lite Edition


---------------------
; Table of Contents ;
---------------------
  1. Legal Notice
  2. Analysis & Synthesis Summary
  3. Analysis & Synthesis Settings
  4. Parallel Compilation
  5. Analysis & Synthesis Source Files Read
  6. Analysis & Synthesis Resource Usage Summary
  7. Analysis & Synthesis Resource Utilization by Entity
  8. State Machine - |matriz_caras2|state_send
  9. Registers Removed During Synthesis
 10. General Register Statistics
 11. Inverted Register Statistics
 12. Multiplexer Restructuring Statistics (Restructuring Performed)
 13. Port Connectivity Checks: "spi_master:spi"
 14. Post-Synthesis Netlist Statistics for Top Partition
 15. Elapsed Time Per Partition
 16. Analysis & Synthesis Messages



----------------
; Legal Notice ;
----------------
Copyright (C) 2024  Intel Corporation. All rights reserved.
Your use of Intel Corporation's design tools, logic functions 
and other software and tools, and any partner logic 
functions, and any output files from any of the foregoing 
(including device programming or simulation files), and any 
associated documentation or information are expressly subject 
to the terms and conditions of the Intel Program License 
Subscription Agreement, the Intel Quartus Prime License Agreement,
the Intel FPGA IP License Agreement, or other applicable license
agreement, including, without limitation, that your use is for
the sole purpose of programming logic devices manufactured by
Intel and sold by Intel or its authorized distributors.  Please
refer to the applicable agreement for further details, at
https://fpgasoftware.intel.com/eula.



+-------------------------------------------------------------------------------------+
; Analysis & Synthesis Summary                                                        ;
+------------------------------------+------------------------------------------------+
; Analysis & Synthesis Status        ; Successful - Tue Feb 25 15:39:05 2025          ;
; Quartus Prime Version              ; 23.1std.1 Build 993 05/14/2024 SC Lite Edition ;
; Revision Name                      ; matriz_caras2                                  ;
; Top-level Entity Name              ; matriz_caras2                                  ;
; Family                             ; Cyclone IV E                                   ;
; Total logic elements               ; 89                                             ;
;     Total combinational functions  ; 88                                             ;
;     Dedicated logic registers      ; 57                                             ;
; Total registers                    ; 57                                             ;
; Total pins                         ; 7                                              ;
; Total virtual pins                 ; 0                                              ;
; Total memory bits                  ; 0                                              ;
; Embedded Multiplier 9-bit elements ; 0                                              ;
; Total PLLs                         ; 0                                              ;
+------------------------------------+------------------------------------------------+


+------------------------------------------------------------------------------------------------------------+
; Analysis & Synthesis Settings                                                                              ;
+------------------------------------------------------------------+--------------------+--------------------+
; Option                                                           ; Setting            ; Default Value      ;
+------------------------------------------------------------------+--------------------+--------------------+
; Device                                                           ; EP4CE6E22C8        ;                    ;
; Top-level entity name                                            ; matriz_caras2      ; matriz_caras2      ;
; Family name                                                      ; Cyclone IV E       ; Cyclone V          ;
; Use smart compilation                                            ; Off                ; Off                ;
; Enable parallel Assembler and Timing Analyzer during compilation ; On                 ; On                 ;
; Enable compact report table                                      ; Off                ; Off                ;
; Restructure Multiplexers                                         ; Auto               ; Auto               ;
; Create Debugging Nodes for IP Cores                              ; Off                ; Off                ;
; Preserve fewer node names                                        ; On                 ; On                 ;
; Intel FPGA IP Evaluation Mode                                    ; Enable             ; Enable             ;
; Verilog Version                                                  ; Verilog_2001       ; Verilog_2001       ;
; VHDL Version                                                     ; VHDL_1993          ; VHDL_1993          ;
; State Machine Processing                                         ; Auto               ; Auto               ;
; Safe State Machine                                               ; Off                ; Off                ;
; Extract Verilog State Machines                                   ; On                 ; On                 ;
; Extract VHDL State Machines                                      ; On                 ; On                 ;
; Ignore Verilog initial constructs                                ; Off                ; Off                ;
; Iteration limit for constant Verilog loops                       ; 5000               ; 5000               ;
; Iteration limit for non-constant Verilog loops                   ; 250                ; 250                ;
; Add Pass-Through Logic to Inferred RAMs                          ; On                 ; On                 ;
; Infer RAMs from Raw Logic                                        ; On                 ; On                 ;
; Parallel Synthesis                                               ; On                 ; On                 ;
; DSP Block Balancing                                              ; Auto               ; Auto               ;
; NOT Gate Push-Back                                               ; On                 ; On                 ;
; Power-Up Don't Care                                              ; On                 ; On                 ;
; Remove Redundant Logic Cells                                     ; Off                ; Off                ;
; Remove Duplicate Registers                                       ; On                 ; On                 ;
; Ignore CARRY Buffers                                             ; Off                ; Off                ;
; Ignore CASCADE Buffers                                           ; Off                ; Off                ;
; Ignore GLOBAL Buffers                                            ; Off                ; Off                ;
; Ignore ROW GLOBAL Buffers                                        ; Off                ; Off                ;
; Ignore LCELL Buffers                                             ; Off                ; Off                ;
; Ignore SOFT Buffers                                              ; On                 ; On                 ;
; Limit AHDL Integers to 32 Bits                                   ; Off                ; Off                ;
; Optimization Technique                                           ; Balanced           ; Balanced           ;
; Carry Chain Length                                               ; 70                 ; 70                 ;
; Auto Carry Chains                                                ; On                 ; On                 ;
; Auto Open-Drain Pins                                             ; On                 ; On                 ;
; Perform WYSIWYG Primitive Resynthesis                            ; Off                ; Off                ;
; Auto ROM Replacement                                             ; On                 ; On                 ;
; Auto RAM Replacement                                             ; On                 ; On                 ;
; Auto DSP Block Replacement                                       ; On                 ; On                 ;
; Auto Shift Register Replacement                                  ; Auto               ; Auto               ;
; Allow Shift Register Merging across Hierarchies                  ; Auto               ; Auto               ;
; Auto Clock Enable Replacement                                    ; On                 ; On                 ;
; Strict RAM Replacement                                           ; Off                ; Off                ;
; Allow Synchronous Control Signals                                ; On                 ; On                 ;
; Force Use of Synchronous Clear Signals                           ; Off                ; Off                ;
; Auto RAM Block Balancing                                         ; On                 ; On                 ;
; Auto RAM to Logic Cell Conversion                                ; Off                ; Off                ;
; Auto Resource Sharing                                            ; Off                ; Off                ;
; Allow Any RAM Size For Recognition                               ; Off                ; Off                ;
; Allow Any ROM Size For Recognition                               ; Off                ; Off                ;
; Allow Any Shift Register Size For Recognition                    ; Off                ; Off                ;
; Use LogicLock Constraints during Resource Balancing              ; On                 ; On                 ;
; Ignore translate_off and synthesis_off directives                ; Off                ; Off                ;
; Timing-Driven Synthesis                                          ; On                 ; On                 ;
; Report Parameter Settings                                        ; On                 ; On                 ;
; Report Source Assignments                                        ; On                 ; On                 ;
; Report Connectivity Checks                                       ; On                 ; On                 ;
; Ignore Maximum Fan-Out Assignments                               ; Off                ; Off                ;
; Synchronization Register Chain Length                            ; 2                  ; 2                  ;
; Power Optimization During Synthesis                              ; Normal compilation ; Normal compilation ;
; HDL message level                                                ; Level2             ; Level2             ;
; Suppress Register Optimization Related Messages                  ; Off                ; Off                ;
; Number of Removed Registers Reported in Synthesis Report         ; 5000               ; 5000               ;
; Number of Swept Nodes Reported in Synthesis Report               ; 5000               ; 5000               ;
; Number of Inverted Registers Reported in Synthesis Report        ; 100                ; 100                ;
; Clock MUX Protection                                             ; On                 ; On                 ;
; Auto Gated Clock Conversion                                      ; Off                ; Off                ;
; Block Design Naming                                              ; Auto               ; Auto               ;
; SDC constraint protection                                        ; Off                ; Off                ;
; Synthesis Effort                                                 ; Auto               ; Auto               ;
; Shift Register Replacement - Allow Asynchronous Clear Signal     ; On                 ; On                 ;
; Pre-Mapping Resynthesis Optimization                             ; Off                ; Off                ;
; Analysis & Synthesis Message Level                               ; Medium             ; Medium             ;
; Disable Register Merging Across Hierarchies                      ; Auto               ; Auto               ;
; Resource Aware Inference For Block RAM                           ; On                 ; On                 ;
+------------------------------------------------------------------+--------------------+--------------------+


+------------------------------------------+
; Parallel Compilation                     ;
+----------------------------+-------------+
; Processors                 ; Number      ;
+----------------------------+-------------+
; Number detected on machine ; 4           ;
; Maximum allowed            ; 4           ;
;                            ;             ;
; Average used               ; 1.00        ;
; Maximum used               ; 4           ;
;                            ;             ;
; Usage by Processor         ; % Time Used ;
;     Processor 1            ; 100.0%      ;
;     Processor 2            ;   0.0%      ;
;     Processors 3-4         ;   0.0%      ;
+----------------------------+-------------+


+-------------------------------------------------------------------------------------------------------------------------------------------------------------------------+
; Analysis & Synthesis Source Files Read                                                                                                                                  ;
+----------------------------------+-----------------+------------------------+---------------------------------------------------------------------------------+---------+
; File Name with User-Entered Path ; Used in Netlist ; File Type              ; File Name with Absolute Path                                                    ; Library ;
+----------------------------------+-----------------+------------------------+---------------------------------------------------------------------------------+---------+
; spi_master.v                     ; yes             ; User Verilog HDL File  ; /home/mac4/Descargas/entrega-proyecto-2024-2-grupo01-2024-2/src/spi_master.v    ;         ;
; matriz_caras2.v                  ; yes             ; User Verilog HDL File  ; /home/mac4/Descargas/entrega-proyecto-2024-2-grupo01-2024-2/src/matriz_caras2.v ;         ;
+----------------------------------+-----------------+------------------------+---------------------------------------------------------------------------------+---------+


+---------------------------------------------------------+
; Analysis & Synthesis Resource Usage Summary             ;
+---------------------------------------------+-----------+
; Resource                                    ; Usage     ;
+---------------------------------------------+-----------+
; Estimated Total logic elements              ; 89        ;
;                                             ;           ;
; Total combinational functions               ; 88        ;
; Logic element usage by number of LUT inputs ;           ;
;     -- 4 input functions                    ; 42        ;
;     -- 3 input functions                    ; 15        ;
;     -- <=2 input functions                  ; 31        ;
;                                             ;           ;
; Logic elements by mode                      ;           ;
;     -- normal mode                          ; 68        ;
;     -- arithmetic mode                      ; 20        ;
;                                             ;           ;
; Total registers                             ; 57        ;
;     -- Dedicated logic registers            ; 57        ;
;     -- I/O registers                        ; 0         ;
;                                             ;           ;
; I/O pins                                    ; 7         ;
;                                             ;           ;
; Embedded Multiplier 9-bit elements          ; 0         ;
;                                             ;           ;
; Maximum fan-out node                        ; clk~input ;
; Maximum fan-out                             ; 57        ;
; Total fan-out                               ; 492       ;
; Average fan-out                             ; 3.09      ;
+---------------------------------------------+-----------+


+----------------------------------------------------------------------------------------------------------------------------------------------------------------------------------------------------------------------+
; Analysis & Synthesis Resource Utilization by Entity                                                                                                                                                                  ;
+----------------------------+---------------------+---------------------------+-------------+--------------+---------+-----------+------+--------------+-------------------------------+---------------+--------------+
; Compilation Hierarchy Node ; Combinational ALUTs ; Dedicated Logic Registers ; Memory Bits ; DSP Elements ; DSP 9x9 ; DSP 18x18 ; Pins ; Virtual Pins ; Full Hierarchy Name           ; Entity Name   ; Library Name ;
+----------------------------+---------------------+---------------------------+-------------+--------------+---------+-----------+------+--------------+-------------------------------+---------------+--------------+
; |matriz_caras2             ; 88 (40)             ; 57 (23)                   ; 0           ; 0            ; 0       ; 0         ; 7    ; 0            ; |matriz_caras2                ; matriz_caras2 ; work         ;
;    |spi_master:spi|        ; 48 (48)             ; 34 (34)                   ; 0           ; 0            ; 0       ; 0         ; 0    ; 0            ; |matriz_caras2|spi_master:spi ; spi_master    ; work         ;
+----------------------------+---------------------+---------------------------+-------------+--------------+---------+-----------+------+--------------+-------------------------------+---------------+--------------+
Note: For table entries with two numbers listed, the numbers in parentheses indicate the number of resources of the given type used by the specific entity alone. The numbers listed outside of parentheses indicate the total resources of the given type used by the specific entity and all of its sub-entities in the hierarchy.


Encoding Type:  One-Hot
+----------------------------------------------------------------------------------------------------------------------------+
; State Machine - |matriz_caras2|state_send                                                                                  ;
+------------------------+------------------------+------------------------+------------------------+------------------------+
; Name                   ; state_send.00000000011 ; state_send.00000000010 ; state_send.00000000001 ; state_send.00000000000 ;
+------------------------+------------------------+------------------------+------------------------+------------------------+
; state_send.00000000000 ; 0                      ; 0                      ; 0                      ; 0                      ;
; state_send.00000000001 ; 0                      ; 0                      ; 1                      ; 1                      ;
; state_send.00000000010 ; 0                      ; 1                      ; 0                      ; 1                      ;
; state_send.00000000011 ; 1                      ; 0                      ; 0                      ; 1                      ;
+------------------------+------------------------+------------------------+------------------------+------------------------+


+---------------------------------------------------------------------------------+
; Registers Removed During Synthesis                                              ;
+----------------------------------------+----------------------------------------+
; Register name                          ; Reason for Removal                     ;
+----------------------------------------+----------------------------------------+
; memory4CommandSend[10][0]              ; Stuck at VCC due to stuck port data_in ;
; memory4CommandSend[10][1]              ; Stuck at VCC due to stuck port data_in ;
; memory4CommandSend[10][2]              ; Stuck at VCC due to stuck port data_in ;
; memory4CommandSend[10][3]              ; Stuck at VCC due to stuck port data_in ;
; memory4CommandSend[10][4]              ; Stuck at VCC due to stuck port data_in ;
; memory4CommandSend[11][0]              ; Stuck at VCC due to stuck port data_in ;
; memory4CommandSend[11][2]              ; Stuck at GND due to stuck port data_in ;
; memory4CommandSend[11][3]              ; Stuck at GND due to stuck port data_in ;
; memory4CommandSend[11][4]              ; Stuck at GND due to stuck port data_in ;
; memory4CommandSend[12][0]              ; Stuck at VCC due to stuck port data_in ;
; memory4CommandSend[12][1]              ; Stuck at GND due to stuck port data_in ;
; memory4CommandSend[12][3]              ; Stuck at GND due to stuck port data_in ;
; memory4CommandSend[12][4]              ; Stuck at GND due to stuck port data_in ;
; memory4CommandSend[13][0]              ; Stuck at VCC due to stuck port data_in ;
; memory4CommandSend[13][3]              ; Stuck at GND due to stuck port data_in ;
; memory4CommandSend[13][4]              ; Stuck at GND due to stuck port data_in ;
; memory4CommandSend[14][0]              ; Stuck at VCC due to stuck port data_in ;
; memory4CommandSend[14][1]              ; Stuck at GND due to stuck port data_in ;
; memory4CommandSend[15][0]              ; Stuck at VCC due to stuck port data_in ;
; memory4CommandSend[15][1]              ; Stuck at GND due to stuck port data_in ;
; memory4CommandSend[16][0]              ; Stuck at VCC due to stuck port data_in ;
; memory4CommandSend[16][1]              ; Stuck at GND due to stuck port data_in ;
; memory4CommandSend[17][0]              ; Stuck at VCC due to stuck port data_in ;
; memory4CommandSend[17][1]              ; Stuck at VCC due to stuck port data_in ;
; memory4CommandSend[17][2]              ; Stuck at VCC due to stuck port data_in ;
; memory4CommandSend[17][3]              ; Stuck at VCC due to stuck port data_in ;
; memory4CommandSend[17][4]              ; Stuck at VCC due to stuck port data_in ;
; data_in[5..7]                          ; Stuck at GND due to stuck port data_in ;
; memory4CommandSend[16][3]              ; Merged with memory4CommandSend[13][1]  ;
; memory4CommandSend[16][4]              ; Merged with memory4CommandSend[13][1]  ;
; memory4CommandSend[15][4]              ; Merged with memory4CommandSend[15][3]  ;
; memory4CommandSend[14][4]              ; Merged with memory4CommandSend[14][3]  ;
; memory4CommandSend[15][2]              ; Merged with memory4CommandSend[14][3]  ;
; memory4CommandSend[16][2]              ; Merged with memory4CommandSend[11][1]  ;
; state_send~6                           ; Lost fanout                            ;
; state_send~7                           ; Lost fanout                            ;
; state_send~8                           ; Lost fanout                            ;
; state_send~9                           ; Lost fanout                            ;
; state_send~10                          ; Lost fanout                            ;
; state_send~11                          ; Lost fanout                            ;
; state_send~12                          ; Lost fanout                            ;
; state_send~13                          ; Lost fanout                            ;
; state_send~14                          ; Lost fanout                            ;
; state_send~15                          ; Lost fanout                            ;
; state_send~16                          ; Lost fanout                            ;
; data_in[4]                             ; Merged with data_in[3]                 ;
; Total Number of Removed Registers = 48 ;                                        ;
+----------------------------------------+----------------------------------------+


+------------------------------------------------------+
; General Register Statistics                          ;
+----------------------------------------------+-------+
; Statistic                                    ; Value ;
+----------------------------------------------+-------+
; Total registers                              ; 57    ;
; Number of registers using Synchronous Clear  ; 26    ;
; Number of registers using Synchronous Load   ; 1     ;
; Number of registers using Asynchronous Clear ; 33    ;
; Number of registers using Asynchronous Load  ; 0     ;
; Number of registers using Clock Enable       ; 36    ;
; Number of registers using Preset             ; 0     ;
+----------------------------------------------+-------+


+--------------------------------------------------+
; Inverted Register Statistics                     ;
+----------------------------------------+---------+
; Inverted Register                      ; Fan out ;
+----------------------------------------+---------+
; spi_master:spi|cs                      ; 2       ;
; Total number of inverted registers = 1 ;         ;
+----------------------------------------+---------+


+----------------------------------------------------------------------------------------------------------------------------------------------------------+
; Multiplexer Restructuring Statistics (Restructuring Performed)                                                                                           ;
+--------------------+-----------+---------------+----------------------+------------------------+------------+--------------------------------------------+
; Multiplexer Inputs ; Bus Width ; Baseline Area ; Area if Restructured ; Saving if Restructured ; Registered ; Example Multiplexer Output                 ;
+--------------------+-----------+---------------+----------------------+------------------------+------------+--------------------------------------------+
; 3:1                ; 2 bits    ; 4 LEs         ; 2 LEs                ; 2 LEs                  ; Yes        ; |matriz_caras2|spi_master:spi|avail        ;
; 3:1                ; 7 bits    ; 14 LEs        ; 7 LEs                ; 7 LEs                  ; Yes        ; |matriz_caras2|spi_master:spi|bit_count[3] ;
; 3:1                ; 4 bits    ; 8 LEs         ; 4 LEs                ; 4 LEs                  ; Yes        ; |matriz_caras2|spi_master:spi|shift_reg[4] ;
; 3:1                ; 6 bits    ; 12 LEs        ; 12 LEs               ; 0 LEs                  ; No         ; |matriz_caras2|mem_index                   ;
+--------------------+-----------+---------------+----------------------+------------------------+------------+--------------------------------------------+


+------------------------------------------------------------------------------------------------------------------------------------------------------------------------------------------------------------------------------+
; Port Connectivity Checks: "spi_master:spi"                                                                                                                                                                                   ;
+--------------------+--------+----------+-------------------------------------------------------------------------------------------------------------------------------------------------------------------------------------+
; Port               ; Type   ; Severity ; Details                                                                                                                                                                             ;
+--------------------+--------+----------+-------------------------------------------------------------------------------------------------------------------------------------------------------------------------------------+
; div_factor         ; Input  ; Warning  ; Input port expression (26 bits) is wider than the input port (16 bits) it drives.  The 10 most-significant bit(s) in the expression will be dangling if they have no other fanouts. ;
; div_factor[14..11] ; Input  ; Info     ; Stuck at VCC                                                                                                                                                                        ;
; div_factor[10..7]  ; Input  ; Info     ; Stuck at GND                                                                                                                                                                        ;
; div_factor[5..0]   ; Input  ; Info     ; Stuck at GND                                                                                                                                                                        ;
; div_factor[15]     ; Input  ; Info     ; Stuck at GND                                                                                                                                                                        ;
; div_factor[6]      ; Input  ; Info     ; Stuck at VCC                                                                                                                                                                        ;
; data_out           ; Output ; Info     ; Connected to dangling logic. Logic that only feeds a dangling port will be removed.                                                                                                 ;
; miso               ; Input  ; Warning  ; Declared by entity but not connected by instance. If a default value exists, it will be used.  Otherwise, the port will be connected to GND.                                        ;
+--------------------+--------+----------+-------------------------------------------------------------------------------------------------------------------------------------------------------------------------------------+


+-----------------------------------------------------+
; Post-Synthesis Netlist Statistics for Top Partition ;
+-----------------------+-----------------------------+
; Type                  ; Count                       ;
+-----------------------+-----------------------------+
; boundary_port         ; 7                           ;
; cycloneiii_ff         ; 57                          ;
;     CLR               ; 7                           ;
;     CLR SLD           ; 1                           ;
;     ENA               ; 11                          ;
;     ENA CLR           ; 9                           ;
;     ENA CLR SCLR      ; 16                          ;
;     SCLR              ; 10                          ;
;     plain             ; 3                           ;
; cycloneiii_lcell_comb ; 89                          ;
;     arith             ; 20                          ;
;         2 data inputs ; 20                          ;
;     normal            ; 69                          ;
;         1 data inputs ; 5                           ;
;         2 data inputs ; 7                           ;
;         3 data inputs ; 15                          ;
;         4 data inputs ; 42                          ;
;                       ;                             ;
; Max LUT depth         ; 5.00                        ;
; Average LUT depth     ; 2.59                        ;
+-----------------------+-----------------------------+


+-------------------------------+
; Elapsed Time Per Partition    ;
+----------------+--------------+
; Partition Name ; Elapsed Time ;
+----------------+--------------+
; Top            ; 00:00:01     ;
+----------------+--------------+


+-------------------------------+
; Analysis & Synthesis Messages ;
+-------------------------------+
Info: *******************************************************************
Info: Running Quartus Prime Analysis & Synthesis
    Info: Version 23.1std.1 Build 993 05/14/2024 SC Lite Edition
    Info: Processing started: Tue Feb 25 15:38:55 2025
Info: Command: quartus_map --read_settings_files=on --write_settings_files=off matriz_caras2 -c matriz_caras2
Warning (18236): Number of processors has not been specified which may cause overloading on shared machines.  Set the global assignment NUM_PARALLEL_PROCESSORS in your QSF to an appropriate value for best performance.
Info (20030): Parallel compilation is enabled and will use 4 of the 4 processors detected
Info (12021): Found 1 design units, including 1 entities, in source file spi_master.v
    Info (12023): Found entity 1: spi_master File: /home/mac4/Descargas/entrega-proyecto-2024-2-grupo01-2024-2/src/spi_master.v Line: 40
Info (12021): Found 1 design units, including 1 entities, in source file matriz_caras2.v
    Info (12023): Found entity 1: matriz_caras2 File: /home/mac4/Descargas/entrega-proyecto-2024-2-grupo01-2024-2/src/matriz_caras2.v Line: 3
Info (12127): Elaborating entity "matriz_caras2" for the top level hierarchy
Warning (10036): Verilog HDL or VHDL warning at matriz_caras2.v(46): object "prev_state" assigned a value but never read File: /home/mac4/Descargas/entrega-proyecto-2024-2-grupo01-2024-2/src/matriz_caras2.v Line: 46
Warning (10230): Verilog HDL assignment warning at matriz_caras2.v(52): truncated value with size 8 to match size of target (5) File: /home/mac4/Descargas/entrega-proyecto-2024-2-grupo01-2024-2/src/matriz_caras2.v Line: 52
Warning (10230): Verilog HDL assignment warning at matriz_caras2.v(53): truncated value with size 8 to match size of target (5) File: /home/mac4/Descargas/entrega-proyecto-2024-2-grupo01-2024-2/src/matriz_caras2.v Line: 53
Warning (10230): Verilog HDL assignment warning at matriz_caras2.v(54): truncated value with size 8 to match size of target (5) File: /home/mac4/Descargas/entrega-proyecto-2024-2-grupo01-2024-2/src/matriz_caras2.v Line: 54
Warning (10230): Verilog HDL assignment warning at matriz_caras2.v(55): truncated value with size 8 to match size of target (5) File: /home/mac4/Descargas/entrega-proyecto-2024-2-grupo01-2024-2/src/matriz_caras2.v Line: 55
Warning (10230): Verilog HDL assignment warning at matriz_caras2.v(56): truncated value with size 8 to match size of target (5) File: /home/mac4/Descargas/entrega-proyecto-2024-2-grupo01-2024-2/src/matriz_caras2.v Line: 56
Warning (10230): Verilog HDL assignment warning at matriz_caras2.v(57): truncated value with size 8 to match size of target (5) File: /home/mac4/Descargas/entrega-proyecto-2024-2-grupo01-2024-2/src/matriz_caras2.v Line: 57
Warning (10230): Verilog HDL assignment warning at matriz_caras2.v(58): truncated value with size 8 to match size of target (5) File: /home/mac4/Descargas/entrega-proyecto-2024-2-grupo01-2024-2/src/matriz_caras2.v Line: 58
Warning (10230): Verilog HDL assignment warning at matriz_caras2.v(59): truncated value with size 8 to match size of target (5) File: /home/mac4/Descargas/entrega-proyecto-2024-2-grupo01-2024-2/src/matriz_caras2.v Line: 59
Warning (10230): Verilog HDL assignment warning at matriz_caras2.v(60): truncated value with size 8 to match size of target (5) File: /home/mac4/Descargas/entrega-proyecto-2024-2-grupo01-2024-2/src/matriz_caras2.v Line: 60
Warning (10230): Verilog HDL assignment warning at matriz_caras2.v(61): truncated value with size 8 to match size of target (5) File: /home/mac4/Descargas/entrega-proyecto-2024-2-grupo01-2024-2/src/matriz_caras2.v Line: 61
Warning (10855): Verilog HDL warning at matriz_caras2.v(49): initial value for variable memory4CommandSend should be constant File: /home/mac4/Descargas/entrega-proyecto-2024-2-grupo01-2024-2/src/matriz_caras2.v Line: 49
Warning (10230): Verilog HDL assignment warning at matriz_caras2.v(110): truncated value with size 8 to match size of target (5) File: /home/mac4/Descargas/entrega-proyecto-2024-2-grupo01-2024-2/src/matriz_caras2.v Line: 110
Warning (10230): Verilog HDL assignment warning at matriz_caras2.v(111): truncated value with size 8 to match size of target (5) File: /home/mac4/Descargas/entrega-proyecto-2024-2-grupo01-2024-2/src/matriz_caras2.v Line: 111
Warning (10230): Verilog HDL assignment warning at matriz_caras2.v(112): truncated value with size 8 to match size of target (5) File: /home/mac4/Descargas/entrega-proyecto-2024-2-grupo01-2024-2/src/matriz_caras2.v Line: 112
Warning (10230): Verilog HDL assignment warning at matriz_caras2.v(113): truncated value with size 8 to match size of target (5) File: /home/mac4/Descargas/entrega-proyecto-2024-2-grupo01-2024-2/src/matriz_caras2.v Line: 113
Warning (10230): Verilog HDL assignment warning at matriz_caras2.v(114): truncated value with size 8 to match size of target (5) File: /home/mac4/Descargas/entrega-proyecto-2024-2-grupo01-2024-2/src/matriz_caras2.v Line: 114
Warning (10230): Verilog HDL assignment warning at matriz_caras2.v(115): truncated value with size 8 to match size of target (5) File: /home/mac4/Descargas/entrega-proyecto-2024-2-grupo01-2024-2/src/matriz_caras2.v Line: 115
Warning (10230): Verilog HDL assignment warning at matriz_caras2.v(116): truncated value with size 8 to match size of target (5) File: /home/mac4/Descargas/entrega-proyecto-2024-2-grupo01-2024-2/src/matriz_caras2.v Line: 116
Warning (10230): Verilog HDL assignment warning at matriz_caras2.v(117): truncated value with size 8 to match size of target (5) File: /home/mac4/Descargas/entrega-proyecto-2024-2-grupo01-2024-2/src/matriz_caras2.v Line: 117
Warning (10230): Verilog HDL assignment warning at matriz_caras2.v(121): truncated value with size 8 to match size of target (5) File: /home/mac4/Descargas/entrega-proyecto-2024-2-grupo01-2024-2/src/matriz_caras2.v Line: 121
Warning (10230): Verilog HDL assignment warning at matriz_caras2.v(122): truncated value with size 8 to match size of target (5) File: /home/mac4/Descargas/entrega-proyecto-2024-2-grupo01-2024-2/src/matriz_caras2.v Line: 122
Warning (10230): Verilog HDL assignment warning at matriz_caras2.v(123): truncated value with size 8 to match size of target (5) File: /home/mac4/Descargas/entrega-proyecto-2024-2-grupo01-2024-2/src/matriz_caras2.v Line: 123
Warning (10230): Verilog HDL assignment warning at matriz_caras2.v(124): truncated value with size 8 to match size of target (5) File: /home/mac4/Descargas/entrega-proyecto-2024-2-grupo01-2024-2/src/matriz_caras2.v Line: 124
Warning (10230): Verilog HDL assignment warning at matriz_caras2.v(125): truncated value with size 8 to match size of target (5) File: /home/mac4/Descargas/entrega-proyecto-2024-2-grupo01-2024-2/src/matriz_caras2.v Line: 125
Warning (10230): Verilog HDL assignment warning at matriz_caras2.v(126): truncated value with size 8 to match size of target (5) File: /home/mac4/Descargas/entrega-proyecto-2024-2-grupo01-2024-2/src/matriz_caras2.v Line: 126
Warning (10230): Verilog HDL assignment warning at matriz_caras2.v(127): truncated value with size 8 to match size of target (5) File: /home/mac4/Descargas/entrega-proyecto-2024-2-grupo01-2024-2/src/matriz_caras2.v Line: 127
Warning (10230): Verilog HDL assignment warning at matriz_caras2.v(128): truncated value with size 8 to match size of target (5) File: /home/mac4/Descargas/entrega-proyecto-2024-2-grupo01-2024-2/src/matriz_caras2.v Line: 128
Warning (10230): Verilog HDL assignment warning at matriz_caras2.v(132): truncated value with size 8 to match size of target (5) File: /home/mac4/Descargas/entrega-proyecto-2024-2-grupo01-2024-2/src/matriz_caras2.v Line: 132
Warning (10230): Verilog HDL assignment warning at matriz_caras2.v(133): truncated value with size 8 to match size of target (5) File: /home/mac4/Descargas/entrega-proyecto-2024-2-grupo01-2024-2/src/matriz_caras2.v Line: 133
Warning (10230): Verilog HDL assignment warning at matriz_caras2.v(134): truncated value with size 8 to match size of target (5) File: /home/mac4/Descargas/entrega-proyecto-2024-2-grupo01-2024-2/src/matriz_caras2.v Line: 134
Warning (10230): Verilog HDL assignment warning at matriz_caras2.v(135): truncated value with size 8 to match size of target (5) File: /home/mac4/Descargas/entrega-proyecto-2024-2-grupo01-2024-2/src/matriz_caras2.v Line: 135
Warning (10230): Verilog HDL assignment warning at matriz_caras2.v(136): truncated value with size 8 to match size of target (5) File: /home/mac4/Descargas/entrega-proyecto-2024-2-grupo01-2024-2/src/matriz_caras2.v Line: 136
Warning (10230): Verilog HDL assignment warning at matriz_caras2.v(137): truncated value with size 8 to match size of target (5) File: /home/mac4/Descargas/entrega-proyecto-2024-2-grupo01-2024-2/src/matriz_caras2.v Line: 137
Warning (10230): Verilog HDL assignment warning at matriz_caras2.v(138): truncated value with size 8 to match size of target (5) File: /home/mac4/Descargas/entrega-proyecto-2024-2-grupo01-2024-2/src/matriz_caras2.v Line: 138
Warning (10230): Verilog HDL assignment warning at matriz_caras2.v(139): truncated value with size 8 to match size of target (5) File: /home/mac4/Descargas/entrega-proyecto-2024-2-grupo01-2024-2/src/matriz_caras2.v Line: 139
Warning (10230): Verilog HDL assignment warning at matriz_caras2.v(144): truncated value with size 8 to match size of target (5) File: /home/mac4/Descargas/entrega-proyecto-2024-2-grupo01-2024-2/src/matriz_caras2.v Line: 144
Warning (10230): Verilog HDL assignment warning at matriz_caras2.v(145): truncated value with size 8 to match size of target (5) File: /home/mac4/Descargas/entrega-proyecto-2024-2-grupo01-2024-2/src/matriz_caras2.v Line: 145
Warning (10230): Verilog HDL assignment warning at matriz_caras2.v(146): truncated value with size 8 to match size of target (5) File: /home/mac4/Descargas/entrega-proyecto-2024-2-grupo01-2024-2/src/matriz_caras2.v Line: 146
Warning (10230): Verilog HDL assignment warning at matriz_caras2.v(147): truncated value with size 8 to match size of target (5) File: /home/mac4/Descargas/entrega-proyecto-2024-2-grupo01-2024-2/src/matriz_caras2.v Line: 147
Warning (10230): Verilog HDL assignment warning at matriz_caras2.v(148): truncated value with size 8 to match size of target (5) File: /home/mac4/Descargas/entrega-proyecto-2024-2-grupo01-2024-2/src/matriz_caras2.v Line: 148
Warning (10230): Verilog HDL assignment warning at matriz_caras2.v(149): truncated value with size 8 to match size of target (5) File: /home/mac4/Descargas/entrega-proyecto-2024-2-grupo01-2024-2/src/matriz_caras2.v Line: 149
Warning (10230): Verilog HDL assignment warning at matriz_caras2.v(150): truncated value with size 8 to match size of target (5) File: /home/mac4/Descargas/entrega-proyecto-2024-2-grupo01-2024-2/src/matriz_caras2.v Line: 150
Warning (10230): Verilog HDL assignment warning at matriz_caras2.v(151): truncated value with size 8 to match size of target (5) File: /home/mac4/Descargas/entrega-proyecto-2024-2-grupo01-2024-2/src/matriz_caras2.v Line: 151
Warning (10230): Verilog HDL assignment warning at matriz_caras2.v(180): truncated value with size 32 to match size of target (6) File: /home/mac4/Descargas/entrega-proyecto-2024-2-grupo01-2024-2/src/matriz_caras2.v Line: 180
Warning (10030): Net "memory4CommandSend[9..0]" at matriz_caras2.v(41) has no driver or initial value, using a default initial value '0' File: /home/mac4/Descargas/entrega-proyecto-2024-2-grupo01-2024-2/src/matriz_caras2.v Line: 41
Info (12128): Elaborating entity "spi_master" for hierarchy "spi_master:spi" File: /home/mac4/Descargas/entrega-proyecto-2024-2-grupo01-2024-2/src/matriz_caras2.v Line: 33
Warning (10230): Verilog HDL assignment warning at spi_master.v(81): truncated value with size 32 to match size of target (16) File: /home/mac4/Descargas/entrega-proyecto-2024-2-grupo01-2024-2/src/spi_master.v Line: 81
Warning (10230): Verilog HDL assignment warning at spi_master.v(90): truncated value with size 32 to match size of target (4) File: /home/mac4/Descargas/entrega-proyecto-2024-2-grupo01-2024-2/src/spi_master.v Line: 90
Warning (12241): 1 hierarchies have connectivity warnings - see the Connectivity Checks report folder
Info (13000): Registers with preset signals will power-up high File: /home/mac4/Descargas/entrega-proyecto-2024-2-grupo01-2024-2/src/spi_master.v Line: 49
Info (13003): DEV_CLRn pin will set, and not reset, register with preset signal due to NOT Gate Push-Back
Info (286030): Timing-Driven Synthesis is running
Info (17049): 11 registers lost all their fanouts during netlist optimizations.
Info (16010): Generating hard_block partition "hard_block:auto_generated_inst"
    Info (16011): Adding 0 node(s), including 0 DDIO, 0 PLL, 0 transceiver and 0 LCELL
Info (21057): Implemented 100 device resources after synthesis - the final resource count might be different
    Info (21058): Implemented 4 input pins
    Info (21059): Implemented 3 output pins
    Info (21061): Implemented 93 logic cells
Info: Quartus Prime Analysis & Synthesis was successful. 0 errors, 50 warnings
    Info: Peak virtual memory: 418 megabytes
    Info: Processing ended: Tue Feb 25 15:39:05 2025
    Info: Elapsed time: 00:00:10
    Info: Total CPU time (on all processors): 00:00:18


