#! /c/Source/iverilog-install/bin/vvp
:ivl_version "12.0 (devel)" "(s20150603-1539-g2693dd32b)";
:ivl_delay_selection "TYPICAL";
:vpi_time_precision + 0;
:vpi_module "C:\iverilog\lib\ivl\system.vpi";
:vpi_module "C:\iverilog\lib\ivl\vhdl_sys.vpi";
:vpi_module "C:\iverilog\lib\ivl\vhdl_textio.vpi";
:vpi_module "C:\iverilog\lib\ivl\v2005_math.vpi";
:vpi_module "C:\iverilog\lib\ivl\va_math.vpi";
S_00000121b8376530 .scope module, "spi_master" "spi_master" 2 40;
 .timescale 0 0;
    .port_info 0 /INPUT 1 "clk";
    .port_info 1 /INPUT 1 "reset";
    .port_info 2 /INPUT 8 "data_in";
    .port_info 3 /INPUT 1 "start";
    .port_info 4 /INPUT 16 "div_factor";
    .port_info 5 /INPUT 1 "miso";
    .port_info 6 /OUTPUT 1 "mosi";
    .port_info 7 /OUTPUT 1 "sclk";
    .port_info 8 /OUTPUT 1 "cs";
    .port_info 9 /OUTPUT 8 "data_out";
    .port_info 10 /OUTPUT 1 "busy";
    .port_info 11 /OUTPUT 1 "avail";
v00000121b837bde0_0 .var "active", 0 0;
v00000121b8376bb0_0 .var "avail", 0 0;
v00000121b83766c0_0 .var "bit_count", 3 0;
v00000121b8376760_0 .var "busy", 0 0;
o00000121b83cc058 .functor BUFZ 1, C4<z>; HiZ drive
v00000121b8376800_0 .net "clk", 0 0, o00000121b83cc058;  0 drivers
v00000121b83768a0_0 .var "clk_count", 15 0;
v00000121b8376940_0 .var "cs", 0 0;
o00000121b83cc0e8 .functor BUFZ 8, C4<zzzzzzzz>; HiZ drive
v00000121b83c42d0_0 .net "data_in", 7 0, o00000121b83cc0e8;  0 drivers
v00000121b83c4370_0 .var "data_out", 7 0;
o00000121b83cc148 .functor BUFZ 16, C4<zzzzzzzzzzzzzzzz>; HiZ drive
v00000121b83c4410_0 .net "div_factor", 15 0, o00000121b83cc148;  0 drivers
o00000121b83cc178 .functor BUFZ 1, C4<z>; HiZ drive
v00000121b83c44b0_0 .net "miso", 0 0, o00000121b83cc178;  0 drivers
v00000121b83c4550_0 .var "mosi", 0 0;
o00000121b83cc1d8 .functor BUFZ 1, C4<z>; HiZ drive
v00000121b840f020_0 .net "reset", 0 0, o00000121b83cc1d8;  0 drivers
v00000121b840f0c0_0 .var "sclk", 0 0;
v00000121b840f160_0 .var "shift_reg", 7 0;
o00000121b83cc268 .functor BUFZ 1, C4<z>; HiZ drive
v00000121b840ff70_0 .net "start", 0 0, o00000121b83cc268;  0 drivers
E_00000121b837ab30 .event posedge, v00000121b840f020_0, v00000121b8376800_0;
    .scope S_00000121b8376530;
T_0 ;
    %wait E_00000121b837ab30;
    %load/vec4 v00000121b840f020_0;
    %flag_set/vec4 8;
    %jmp/0xz  T_0.0, 8;
    %pushi/vec4 0, 0, 1;
    %assign/vec4 v00000121b840f0c0_0, 0;
    %pushi/vec4 1, 0, 1;
    %assign/vec4 v00000121b8376940_0, 0;
    %pushi/vec4 0, 0, 8;
    %assign/vec4 v00000121b840f160_0, 0;
    %pushi/vec4 0, 0, 4;
    %assign/vec4 v00000121b83766c0_0, 0;
    %pushi/vec4 0, 0, 16;
    %assign/vec4 v00000121b83768a0_0, 0;
    %pushi/vec4 0, 0, 1;
    %assign/vec4 v00000121b837bde0_0, 0;
    %pushi/vec4 0, 0, 1;
    %assign/vec4 v00000121b8376760_0, 0;
    %pushi/vec4 0, 0, 1;
    %assign/vec4 v00000121b8376bb0_0, 0;
    %jmp T_0.1;
T_0.0 ;
    %load/vec4 v00000121b840ff70_0;
    %flag_set/vec4 9;
    %flag_get/vec4 9;
    %jmp/0 T_0.4, 9;
    %load/vec4 v00000121b837bde0_0;
    %nor/r;
    %and;
T_0.4;
    %flag_set/vec4 8;
    %jmp/0xz  T_0.2, 8;
    %pushi/vec4 1, 0, 1;
    %assign/vec4 v00000121b837bde0_0, 0;
    %pushi/vec4 1, 0, 1;
    %assign/vec4 v00000121b8376760_0, 0;
    %pushi/vec4 0, 0, 1;
    %assign/vec4 v00000121b8376bb0_0, 0;
    %pushi/vec4 0, 0, 1;
    %assign/vec4 v00000121b8376940_0, 0;
    %load/vec4 v00000121b83c42d0_0;
    %assign/vec4 v00000121b840f160_0, 0;
    %pushi/vec4 7, 0, 4;
    %assign/vec4 v00000121b83766c0_0, 0;
    %jmp T_0.3;
T_0.2 ;
    %load/vec4 v00000121b837bde0_0;
    %flag_set/vec4 8;
    %jmp/0xz  T_0.5, 8;
    %load/vec4 v00000121b83768a0_0;
    %pad/u 32;
    %load/vec4 v00000121b83c4410_0;
    %pad/u 32;
    %subi 1, 0, 32;
    %cmp/u;
    %jmp/0xz  T_0.7, 5;
    %load/vec4 v00000121b83768a0_0;
    %addi 1, 0, 16;
    %assign/vec4 v00000121b83768a0_0, 0;
    %jmp T_0.8;
T_0.7 ;
    %pushi/vec4 0, 0, 16;
    %assign/vec4 v00000121b83768a0_0, 0;
    %load/vec4 v00000121b840f0c0_0;
    %nor/r;
    %assign/vec4 v00000121b840f0c0_0, 0;
    %load/vec4 v00000121b840f0c0_0;
    %flag_set/vec4 8;
    %jmp/0xz  T_0.9, 8;
    %load/vec4 v00000121b840f160_0;
    %parti/s 1, 7, 4;
    %assign/vec4 v00000121b83c4550_0, 0;
    %jmp T_0.10;
T_0.9 ;
    %load/vec4 v00000121b83766c0_0;
    %pad/u 32;
    %cmpi/u 0, 0, 32;
    %flag_or 5, 4; GT is !LE
    %flag_inv 5;
    %jmp/0xz  T_0.11, 5;
    %load/vec4 v00000121b83766c0_0;
    %subi 1, 0, 4;
    %assign/vec4 v00000121b83766c0_0, 0;
    %load/vec4 v00000121b840f160_0;
    %parti/s 7, 0, 2;
    %load/vec4 v00000121b83c44b0_0;
    %concat/vec4; draw_concat_vec4
    %assign/vec4 v00000121b840f160_0, 0;
    %jmp T_0.12;
T_0.11 ;
    %load/vec4 v00000121b840f160_0;
    %assign/vec4 v00000121b83c4370_0, 0;
    %pushi/vec4 1, 0, 1;
    %assign/vec4 v00000121b8376940_0, 0;
    %pushi/vec4 0, 0, 1;
    %assign/vec4 v00000121b837bde0_0, 0;
    %pushi/vec4 0, 0, 1;
    %assign/vec4 v00000121b8376760_0, 0;
    %pushi/vec4 1, 0, 1;
    %assign/vec4 v00000121b8376bb0_0, 0;
T_0.12 ;
T_0.10 ;
T_0.8 ;
T_0.5 ;
T_0.3 ;
T_0.1 ;
    %jmp T_0;
    .thread T_0;
# The file index is used to find the file name in the following table.
:file_names 3;
    "N/A";
    "<interactive>";
    ".\spi_master.v";
